2022-09-06 08:13:51.593 [ThreadPoolTaskScheduler-1] ERROR o.s.cloud.alibaba.nacos.discovery.NacosWatch - Error watching Nacos Service change
java.lang.IllegalStateException: failed to req API:/nacos/v1/ns/service/list after all servers([localhost:8848]) tried: failed to req API:http://localhost:8848/nacos/v1/ns/service/list. code:500 msg: java.net.ConnectException: Connection refused: connect
	at com.alibaba.nacos.client.naming.net.NamingProxy.reqAPI(NamingProxy.java:380)
	at com.alibaba.nacos.client.naming.net.NamingProxy.reqAPI(NamingProxy.java:346)
	at com.alibaba.nacos.client.naming.net.NamingProxy.reqAPI(NamingProxy.java:294)
	at com.alibaba.nacos.client.naming.net.NamingProxy.getServiceList(NamingProxy.java:276)
	at com.alibaba.nacos.client.naming.net.NamingProxy.getServiceList(NamingProxy.java:252)
	at com.alibaba.nacos.client.naming.NacosNamingService.getServicesOfServer(NacosNamingService.java:525)
	at org.springframework.cloud.alibaba.nacos.discovery.NacosWatch.nacosServicesWatch(NacosWatch.java:127)
	at org.springframework.cloud.alibaba.nacos.discovery.NacosWatch$$Lambda$732/381397683.run(Unknown Source)
	at org.springframework.scheduling.support.DelegatingErrorHandlingRunnable.run(DelegatingErrorHandlingRunnable.java:54)
	at java.util.concurrent.Executors$RunnableAdapter.call(Executors.java:511)
	at java.util.concurrent.FutureTask.runAndReset(FutureTask.java:308)
	at java.util.concurrent.ScheduledThreadPoolExecutor$ScheduledFutureTask.access$301(ScheduledThreadPoolExecutor.java:180)
	at java.util.concurrent.ScheduledThreadPoolExecutor$ScheduledFutureTask.run(ScheduledThreadPoolExecutor.java:294)
	at java.util.concurrent.ThreadPoolExecutor.runWorker(ThreadPoolExecutor.java:1142)
	at java.util.concurrent.ThreadPoolExecutor$Worker.run(ThreadPoolExecutor.java:617)
	at java.lang.Thread.run(Thread.java:745)
2022-09-06 08:13:52.335 [main] ERROR o.s.c.alibaba.nacos.registry.NacosServiceRegistry - nacos registry, service-edu register failed...NacosRegistration{nacosDiscoveryProperties=NacosDiscoveryProperties{serverAddr='localhost:8848', endpoint='', namespace='', watchDelay=30000, logName='', service='service-edu', weight=1.0, clusterName='DEFAULT', namingLoadCacheAtStart='false', metadata={preserved.register.source=SPRING_CLOUD}, registerEnabled=true, ip='192.168.100.100', networkInterface='', port=8001, secure=false, accessKey='', secretKey=''}},
java.lang.IllegalStateException: failed to req API:/nacos/v1/ns/instance after all servers([localhost:8848]) tried: failed to req API:http://localhost:8848/nacos/v1/ns/instance. code:500 msg: java.net.ConnectException: Connection refused: connect
	at com.alibaba.nacos.client.naming.net.NamingProxy.reqAPI(NamingProxy.java:380)
	at com.alibaba.nacos.client.naming.net.NamingProxy.reqAPI(NamingProxy.java:304)
	at com.alibaba.nacos.client.naming.net.NamingProxy.registerService(NamingProxy.java:186)
	at com.alibaba.nacos.client.naming.NacosNamingService.registerInstance(NacosNamingService.java:298)
	at com.alibaba.nacos.client.naming.NacosNamingService.registerInstance(NacosNamingService.java:279)
	at org.springframework.cloud.alibaba.nacos.registry.NacosServiceRegistry.register(NacosServiceRegistry.java:63)
	at org.springframework.cloud.client.serviceregistry.AbstractAutoServiceRegistration.register(AbstractAutoServiceRegistration.java:239)
	at org.springframework.cloud.alibaba.nacos.registry.NacosAutoServiceRegistration.register(NacosAutoServiceRegistration.java:74)
	at org.springframework.cloud.client.serviceregistry.AbstractAutoServiceRegistration.start(AbstractAutoServiceRegistration.java:138)
	at org.springframework.cloud.client.serviceregistry.AbstractAutoServiceRegistration.bind(AbstractAutoServiceRegistration.java:101)
	at org.springframework.cloud.client.serviceregistry.AbstractAutoServiceRegistration.onApplicationEvent(AbstractAutoServiceRegistration.java:88)
	at org.springframework.cloud.client.serviceregistry.AbstractAutoServiceRegistration.onApplicationEvent(AbstractAutoServiceRegistration.java:47)
	at org.springframework.context.event.SimpleApplicationEventMulticaster.doInvokeListener(SimpleApplicationEventMulticaster.java:172)
	at org.springframework.context.event.SimpleApplicationEventMulticaster.invokeListener(SimpleApplicationEventMulticaster.java:165)
	at org.springframework.context.event.SimpleApplicationEventMulticaster.multicastEvent(SimpleApplicationEventMulticaster.java:139)
	at org.springframework.context.support.AbstractApplicationContext.publishEvent(AbstractApplicationContext.java:403)
	at org.springframework.context.support.AbstractApplicationContext.publishEvent(AbstractApplicationContext.java:360)
	at org.springframework.boot.web.servlet.context.ServletWebServerApplicationContext.finishRefresh(ServletWebServerApplicationContext.java:165)
	at org.springframework.context.support.AbstractApplicationContext.refresh(AbstractApplicationContext.java:553)
	at org.springframework.boot.web.servlet.context.ServletWebServerApplicationContext.refresh(ServletWebServerApplicationContext.java:141)
	at org.springframework.boot.SpringApplication.refresh(SpringApplication.java:747)
	at org.springframework.boot.SpringApplication.refreshContext(SpringApplication.java:397)
	at org.springframework.boot.SpringApplication.run(SpringApplication.java:315)
	at org.springframework.boot.SpringApplication.run(SpringApplication.java:1226)
	at org.springframework.boot.SpringApplication.run(SpringApplication.java:1215)
	at com.atguigu.eduservice.EduApplication.main(EduApplication.java:16)
2022-09-06 08:14:49.767 [http-nio-8001-exec-2] ERROR o.s.transaction.interceptor.TransactionInterceptor - Application exception overridden by rollback exception
org.springframework.dao.RecoverableDataAccessException: 
### Error updating database.  Cause: com.mysql.cj.jdbc.exceptions.CommunicationsException: Communications link failure

The last packet successfully received from the server was 371 milliseconds ago. The last packet sent successfully to the server was 371 milliseconds ago.
### The error may involve com.atguigu.eduservice.mapper.EduCommentMapper.insert-Inline
### The error occurred while setting parameters
### SQL: INSERT INTO edu_comment  ( id, course_id, teacher_id, member_id, nickname, avatar, content,  gmt_create, gmt_modified )  VALUES  ( ?, ?, ?, ?, ?, ?, ?,  ?, ? )
### Cause: com.mysql.cj.jdbc.exceptions.CommunicationsException: Communications link failure

The last packet successfully received from the server was 371 milliseconds ago. The last packet sent successfully to the server was 371 milliseconds ago.
; Communications link failure

The last packet successfully received from the server was 371 milliseconds ago. The last packet sent successfully to the server was 371 milliseconds ago.; nested exception is com.mysql.cj.jdbc.exceptions.CommunicationsException: Communications link failure

The last packet successfully received from the server was 371 milliseconds ago. The last packet sent successfully to the server was 371 milliseconds ago.
	at org.springframework.jdbc.support.SQLExceptionSubclassTranslator.doTranslate(SQLExceptionSubclassTranslator.java:100)
	at org.springframework.jdbc.support.AbstractFallbackSQLExceptionTranslator.translate(AbstractFallbackSQLExceptionTranslator.java:72)
	at org.springframework.jdbc.support.AbstractFallbackSQLExceptionTranslator.translate(AbstractFallbackSQLExceptionTranslator.java:81)
	at org.mybatis.spring.MyBatisExceptionTranslator.translateExceptionIfPossible(MyBatisExceptionTranslator.java:73)
	at org.mybatis.spring.SqlSessionTemplate$SqlSessionInterceptor.invoke(SqlSessionTemplate.java:446)
	at com.sun.proxy.$Proxy105.insert(Unknown Source)
	at org.mybatis.spring.SqlSessionTemplate.insert(SqlSessionTemplate.java:278)
	at com.baomidou.mybatisplus.core.override.PageMapperMethod.execute(PageMapperMethod.java:68)
	at com.baomidou.mybatisplus.core.override.PageMapperProxy.invoke(PageMapperProxy.java:64)
	at com.sun.proxy.$Proxy122.insert(Unknown Source)
	at com.baomidou.mybatisplus.extension.service.impl.ServiceImpl.save(ServiceImpl.java:108)
	at com.baomidou.mybatisplus.extension.service.impl.ServiceImpl$$FastClassBySpringCGLIB$$76535273.invoke(<generated>)
	at org.springframework.cglib.proxy.MethodProxy.invoke(MethodProxy.java:218)
	at org.springframework.aop.framework.CglibAopProxy$CglibMethodInvocation.invokeJoinpoint(CglibAopProxy.java:769)
	at org.springframework.aop.framework.ReflectiveMethodInvocation.proceed(ReflectiveMethodInvocation.java:163)
	at org.springframework.aop.framework.CglibAopProxy$CglibMethodInvocation.proceed(CglibAopProxy.java:747)
	at org.springframework.transaction.interceptor.TransactionInterceptor$$Lambda$783/949303828.proceedWithInvocation(Unknown Source)
	at org.springframework.transaction.interceptor.TransactionAspectSupport.invokeWithinTransaction(TransactionAspectSupport.java:366)
	at org.springframework.transaction.interceptor.TransactionInterceptor.invoke(TransactionInterceptor.java:99)
	at org.springframework.aop.framework.ReflectiveMethodInvocation.proceed(ReflectiveMethodInvocation.java:186)
	at org.springframework.aop.framework.CglibAopProxy$CglibMethodInvocation.proceed(CglibAopProxy.java:747)
	at org.springframework.aop.framework.CglibAopProxy$DynamicAdvisedInterceptor.intercept(CglibAopProxy.java:689)
	at com.atguigu.eduservice.service.impl.EduCommentServiceImpl$$EnhancerBySpringCGLIB$$3310e5dc.save(<generated>)
	at com.atguigu.eduservice.controller.front.CommentFrontController.save(CommentFrontController.java:78)
	at sun.reflect.NativeMethodAccessorImpl.invoke0(Native Method)
	at sun.reflect.NativeMethodAccessorImpl.invoke(NativeMethodAccessorImpl.java:62)
	at sun.reflect.DelegatingMethodAccessorImpl.invoke(DelegatingMethodAccessorImpl.java:43)
	at java.lang.reflect.Method.invoke(Method.java:497)
	at org.springframework.web.method.support.InvocableHandlerMethod.doInvoke(InvocableHandlerMethod.java:190)
	at org.springframework.web.method.support.InvocableHandlerMethod.invokeForRequest(InvocableHandlerMethod.java:138)
	at org.springframework.web.servlet.mvc.method.annotation.ServletInvocableHandlerMethod.invokeAndHandle(ServletInvocableHandlerMethod.java:106)
	at org.springframework.web.servlet.mvc.method.annotation.RequestMappingHandlerAdapter.invokeHandlerMethod(RequestMappingHandlerAdapter.java:888)
	at org.springframework.web.servlet.mvc.method.annotation.RequestMappingHandlerAdapter.handleInternal(RequestMappingHandlerAdapter.java:793)
	at org.springframework.web.servlet.mvc.method.AbstractHandlerMethodAdapter.handle(AbstractHandlerMethodAdapter.java:87)
	at org.springframework.web.servlet.DispatcherServlet.doDispatch(DispatcherServlet.java:1040)
	at org.springframework.web.servlet.DispatcherServlet.doService(DispatcherServlet.java:943)
	at org.springframework.web.servlet.FrameworkServlet.processRequest(FrameworkServlet.java:1006)
	at org.springframework.web.servlet.FrameworkServlet.doPost(FrameworkServlet.java:909)
	at javax.servlet.http.HttpServlet.service(HttpServlet.java:660)
	at org.springframework.web.servlet.FrameworkServlet.service(FrameworkServlet.java:883)
	at javax.servlet.http.HttpServlet.service(HttpServlet.java:741)
	at org.apache.catalina.core.ApplicationFilterChain.internalDoFilter(ApplicationFilterChain.java:231)
	at org.apache.catalina.core.ApplicationFilterChain.doFilter(ApplicationFilterChain.java:166)
	at org.apache.tomcat.websocket.server.WsFilter.doFilter(WsFilter.java:53)
	at org.apache.catalina.core.ApplicationFilterChain.internalDoFilter(ApplicationFilterChain.java:193)
	at org.apache.catalina.core.ApplicationFilterChain.doFilter(ApplicationFilterChain.java:166)
	at org.springframework.web.filter.RequestContextFilter.doFilterInternal(RequestContextFilter.java:100)
	at org.springframework.web.filter.OncePerRequestFilter.doFilter(OncePerRequestFilter.java:119)
	at org.apache.catalina.core.ApplicationFilterChain.internalDoFilter(ApplicationFilterChain.java:193)
	at org.apache.catalina.core.ApplicationFilterChain.doFilter(ApplicationFilterChain.java:166)
	at org.springframework.web.filter.FormContentFilter.doFilterInternal(FormContentFilter.java:93)
	at org.springframework.web.filter.OncePerRequestFilter.doFilter(OncePerRequestFilter.java:119)
	at org.apache.catalina.core.ApplicationFilterChain.internalDoFilter(ApplicationFilterChain.java:193)
	at org.apache.catalina.core.ApplicationFilterChain.doFilter(ApplicationFilterChain.java:166)
	at org.springframework.web.filter.CharacterEncodingFilter.doFilterInternal(CharacterEncodingFilter.java:201)
	at org.springframework.web.filter.OncePerRequestFilter.doFilter(OncePerRequestFilter.java:119)
	at org.apache.catalina.core.ApplicationFilterChain.internalDoFilter(ApplicationFilterChain.java:193)
	at org.apache.catalina.core.ApplicationFilterChain.doFilter(ApplicationFilterChain.java:166)
	at org.apache.catalina.core.StandardWrapperValve.invoke(StandardWrapperValve.java:202)
	at org.apache.catalina.core.StandardContextValve.invoke(StandardContextValve.java:96)
	at org.apache.catalina.authenticator.AuthenticatorBase.invoke(AuthenticatorBase.java:526)
	at org.apache.catalina.core.StandardHostValve.invoke(StandardHostValve.java:139)
	at org.apache.catalina.valves.ErrorReportValve.invoke(ErrorReportValve.java:92)
	at org.apache.catalina.core.StandardEngineValve.invoke(StandardEngineValve.java:74)
	at org.apache.catalina.connector.CoyoteAdapter.service(CoyoteAdapter.java:343)
	at org.apache.coyote.http11.Http11Processor.service(Http11Processor.java:408)
	at org.apache.coyote.AbstractProcessorLight.process(AbstractProcessorLight.java:66)
	at org.apache.coyote.AbstractProtocol$ConnectionHandler.process(AbstractProtocol.java:861)
	at org.apache.tomcat.util.net.NioEndpoint$SocketProcessor.doRun(NioEndpoint.java:1579)
	at org.apache.tomcat.util.net.SocketProcessorBase.run(SocketProcessorBase.java:49)
	at java.util.concurrent.ThreadPoolExecutor.runWorker(ThreadPoolExecutor.java:1142)
	at java.util.concurrent.ThreadPoolExecutor$Worker.run(ThreadPoolExecutor.java:617)
	at org.apache.tomcat.util.threads.TaskThread$WrappingRunnable.run(TaskThread.java:61)
	at java.lang.Thread.run(Thread.java:745)
Caused by: com.mysql.cj.jdbc.exceptions.CommunicationsException: Communications link failure

The last packet successfully received from the server was 371 milliseconds ago. The last packet sent successfully to the server was 371 milliseconds ago.
	at com.mysql.cj.jdbc.exceptions.SQLError.createCommunicationsException(SQLError.java:174)
	at com.mysql.cj.jdbc.exceptions.SQLExceptionsMapping.translateException(SQLExceptionsMapping.java:64)
	at com.mysql.cj.jdbc.ClientPreparedStatement.executeInternal(ClientPreparedStatement.java:953)
	at com.mysql.cj.jdbc.ClientPreparedStatement.execute(ClientPreparedStatement.java:370)
	at com.zaxxer.hikari.pool.ProxyPreparedStatement.execute(ProxyPreparedStatement.java:44)
	at com.zaxxer.hikari.pool.HikariProxyPreparedStatement.execute(HikariProxyPreparedStatement.java)
	at org.apache.ibatis.executor.statement.PreparedStatementHandler.update(PreparedStatementHandler.java:46)
	at org.apache.ibatis.executor.statement.RoutingStatementHandler.update(RoutingStatementHandler.java:74)
	at sun.reflect.NativeMethodAccessorImpl.invoke0(Native Method)
	at sun.reflect.NativeMethodAccessorImpl.invoke(NativeMethodAccessorImpl.java:62)
	at sun.reflect.DelegatingMethodAccessorImpl.invoke(DelegatingMethodAccessorImpl.java:43)
	at java.lang.reflect.Method.invoke(Method.java:497)
	at org.apache.ibatis.plugin.Plugin.invoke(Plugin.java:63)
	at com.sun.proxy.$Proxy159.update(Unknown Source)
	at org.apache.ibatis.executor.SimpleExecutor.doUpdate(SimpleExecutor.java:50)
	at org.apache.ibatis.executor.BaseExecutor.update(BaseExecutor.java:117)
	at org.apache.ibatis.executor.CachingExecutor.update(CachingExecutor.java:76)
	at org.apache.ibatis.session.defaults.DefaultSqlSession.update(DefaultSqlSession.java:198)
	at org.apache.ibatis.session.defaults.DefaultSqlSession.insert(DefaultSqlSession.java:185)
	at sun.reflect.NativeMethodAccessorImpl.invoke0(Native Method)
	at sun.reflect.NativeMethodAccessorImpl.invoke(NativeMethodAccessorImpl.java:62)
	at sun.reflect.DelegatingMethodAccessorImpl.invoke(DelegatingMethodAccessorImpl.java:43)
	at java.lang.reflect.Method.invoke(Method.java:497)
	at org.mybatis.spring.SqlSessionTemplate$SqlSessionInterceptor.invoke(SqlSessionTemplate.java:433)
	... 69 common frames omitted
Caused by: com.mysql.cj.exceptions.CJCommunicationsException: Communications link failure

The last packet successfully received from the server was 371 milliseconds ago. The last packet sent successfully to the server was 371 milliseconds ago.
	at sun.reflect.NativeConstructorAccessorImpl.newInstance0(Native Method)
	at sun.reflect.NativeConstructorAccessorImpl.newInstance(NativeConstructorAccessorImpl.java:62)
	at sun.reflect.DelegatingConstructorAccessorImpl.newInstance(DelegatingConstructorAccessorImpl.java:45)
	at java.lang.reflect.Constructor.newInstance(Constructor.java:422)
	at com.mysql.cj.exceptions.ExceptionFactory.createException(ExceptionFactory.java:61)
	at com.mysql.cj.exceptions.ExceptionFactory.createException(ExceptionFactory.java:105)
	at com.mysql.cj.exceptions.ExceptionFactory.createException(ExceptionFactory.java:151)
	at com.mysql.cj.exceptions.ExceptionFactory.createCommunicationsException(ExceptionFactory.java:167)
	at com.mysql.cj.protocol.a.NativeProtocol.readMessage(NativeProtocol.java:539)
	at com.mysql.cj.protocol.a.NativeProtocol.checkErrorMessage(NativeProtocol.java:703)
	at com.mysql.cj.protocol.a.NativeProtocol.sendCommand(NativeProtocol.java:642)
	at com.mysql.cj.protocol.a.NativeProtocol.sendQueryPacket(NativeProtocol.java:941)
	at com.mysql.cj.NativeSession.execSQL(NativeSession.java:1075)
	at com.mysql.cj.jdbc.ClientPreparedStatement.executeInternal(ClientPreparedStatement.java:930)
	... 90 common frames omitted
Caused by: java.net.SocketException: Connection reset
	at java.net.SocketInputStream.read(SocketInputStream.java:209)
	at java.net.SocketInputStream.read(SocketInputStream.java:141)
	at com.mysql.cj.protocol.ReadAheadInputStream.fill(ReadAheadInputStream.java:107)
	at com.mysql.cj.protocol.ReadAheadInputStream.readFromUnderlyingStreamIfNecessary(ReadAheadInputStream.java:150)
	at com.mysql.cj.protocol.ReadAheadInputStream.read(ReadAheadInputStream.java:180)
	at java.io.FilterInputStream.read(FilterInputStream.java:133)
	at com.mysql.cj.protocol.FullReadInputStream.readFully(FullReadInputStream.java:64)
	at com.mysql.cj.protocol.a.SimplePacketReader.readHeader(SimplePacketReader.java:63)
	at com.mysql.cj.protocol.a.SimplePacketReader.readHeader(SimplePacketReader.java:45)
	at com.mysql.cj.protocol.a.TimeTrackingPacketReader.readHeader(TimeTrackingPacketReader.java:52)
	at com.mysql.cj.protocol.a.TimeTrackingPacketReader.readHeader(TimeTrackingPacketReader.java:41)
	at com.mysql.cj.protocol.a.MultiPacketReader.readHeader(MultiPacketReader.java:54)
	at com.mysql.cj.protocol.a.MultiPacketReader.readHeader(MultiPacketReader.java:44)
	at com.mysql.cj.protocol.a.NativeProtocol.readMessage(NativeProtocol.java:533)
	... 95 common frames omitted
2022-09-06 08:17:23.609 [SpringContextShutdownHook] ERROR o.s.c.alibaba.nacos.registry.NacosServiceRegistry - ERR_NACOS_DEREGISTER, de-register failed...NacosRegistration{nacosDiscoveryProperties=NacosDiscoveryProperties{serverAddr='localhost:8848', endpoint='', namespace='', watchDelay=30000, logName='', service='service-edu', weight=1.0, clusterName='DEFAULT', namingLoadCacheAtStart='false', metadata={preserved.register.source=SPRING_CLOUD}, registerEnabled=true, ip='192.168.100.100', networkInterface='', port=8001, secure=false, accessKey='', secretKey=''}},
java.lang.IllegalStateException: failed to req API:/nacos/v1/ns/instance after all servers([localhost:8848]) tried: failed to req API:http://localhost:8848/nacos/v1/ns/instance. code:500 msg: java.net.ConnectException: Connection refused: connect
	at com.alibaba.nacos.client.naming.net.NamingProxy.reqAPI(NamingProxy.java:380)
	at com.alibaba.nacos.client.naming.net.NamingProxy.reqAPI(NamingProxy.java:304)
	at com.alibaba.nacos.client.naming.net.NamingProxy.deregisterService(NamingProxy.java:203)
	at com.alibaba.nacos.client.naming.NacosNamingService.deregisterInstance(NacosNamingService.java:329)
	at com.alibaba.nacos.client.naming.NacosNamingService.deregisterInstance(NacosNamingService.java:323)
	at com.alibaba.nacos.client.naming.NacosNamingService.deregisterInstance(NacosNamingService.java:313)
	at org.springframework.cloud.alibaba.nacos.registry.NacosServiceRegistry.deregister(NacosServiceRegistry.java:87)
	at org.springframework.cloud.client.serviceregistry.AbstractAutoServiceRegistration.deregister(AbstractAutoServiceRegistration.java:256)
	at org.springframework.cloud.client.serviceregistry.AbstractAutoServiceRegistration.stop(AbstractAutoServiceRegistration.java:271)
	at org.springframework.cloud.client.serviceregistry.AbstractAutoServiceRegistration.destroy(AbstractAutoServiceRegistration.java:208)
	at sun.reflect.NativeMethodAccessorImpl.invoke0(Native Method)
	at sun.reflect.NativeMethodAccessorImpl.invoke(NativeMethodAccessorImpl.java:62)
	at sun.reflect.DelegatingMethodAccessorImpl.invoke(DelegatingMethodAccessorImpl.java:43)
	at java.lang.reflect.Method.invoke(Method.java:497)
	at org.springframework.beans.factory.annotation.InitDestroyAnnotationBeanPostProcessor$LifecycleElement.invoke(InitDestroyAnnotationBeanPostProcessor.java:389)
	at org.springframework.beans.factory.annotation.InitDestroyAnnotationBeanPostProcessor$LifecycleMetadata.invokeDestroyMethods(InitDestroyAnnotationBeanPostProcessor.java:347)
	at org.springframework.beans.factory.annotation.InitDestroyAnnotationBeanPostProcessor.postProcessBeforeDestruction(InitDestroyAnnotationBeanPostProcessor.java:177)
	at org.springframework.beans.factory.support.DisposableBeanAdapter.destroy(DisposableBeanAdapter.java:242)
	at org.springframework.beans.factory.support.DefaultSingletonBeanRegistry.destroyBean(DefaultSingletonBeanRegistry.java:571)
	at org.springframework.beans.factory.support.DefaultSingletonBeanRegistry.destroySingleton(DefaultSingletonBeanRegistry.java:543)
	at org.springframework.beans.factory.support.DefaultListableBeanFactory.destroySingleton(DefaultListableBeanFactory.java:1072)
	at org.springframework.beans.factory.support.DefaultSingletonBeanRegistry.destroySingletons(DefaultSingletonBeanRegistry.java:504)
	at org.springframework.beans.factory.support.DefaultListableBeanFactory.destroySingletons(DefaultListableBeanFactory.java:1065)
	at org.springframework.context.support.AbstractApplicationContext.destroyBeans(AbstractApplicationContext.java:1060)
	at org.springframework.context.support.AbstractApplicationContext.doClose(AbstractApplicationContext.java:1029)
	at org.springframework.context.support.AbstractApplicationContext$1.run(AbstractApplicationContext.java:948)
2022-09-06 08:17:23.781 [ThreadPoolTaskScheduler-1] ERROR o.s.cloud.alibaba.nacos.discovery.NacosWatch - Error watching Nacos Service change
java.lang.IllegalStateException: failed to req API:/nacos/v1/ns/service/list after all servers([localhost:8848]) tried: failed to req API:http://localhost:8848/nacos/v1/ns/service/list. code:500 msg: java.net.ConnectException: Connection refused: connect
	at com.alibaba.nacos.client.naming.net.NamingProxy.reqAPI(NamingProxy.java:380)
	at com.alibaba.nacos.client.naming.net.NamingProxy.reqAPI(NamingProxy.java:346)
	at com.alibaba.nacos.client.naming.net.NamingProxy.reqAPI(NamingProxy.java:294)
	at com.alibaba.nacos.client.naming.net.NamingProxy.getServiceList(NamingProxy.java:276)
	at com.alibaba.nacos.client.naming.net.NamingProxy.getServiceList(NamingProxy.java:252)
	at com.alibaba.nacos.client.naming.NacosNamingService.getServicesOfServer(NacosNamingService.java:525)
	at org.springframework.cloud.alibaba.nacos.discovery.NacosWatch.nacosServicesWatch(NacosWatch.java:127)
	at org.springframework.cloud.alibaba.nacos.discovery.NacosWatch$$Lambda$732/381397683.run(Unknown Source)
	at org.springframework.scheduling.support.DelegatingErrorHandlingRunnable.run(DelegatingErrorHandlingRunnable.java:54)
	at java.util.concurrent.Executors$RunnableAdapter.call(Executors.java:511)
	at java.util.concurrent.FutureTask.runAndReset(FutureTask.java:308)
	at java.util.concurrent.ScheduledThreadPoolExecutor$ScheduledFutureTask.access$301(ScheduledThreadPoolExecutor.java:180)
	at java.util.concurrent.ScheduledThreadPoolExecutor$ScheduledFutureTask.run(ScheduledThreadPoolExecutor.java:294)
	at java.util.concurrent.ThreadPoolExecutor.runWorker(ThreadPoolExecutor.java:1142)
	at java.util.concurrent.ThreadPoolExecutor$Worker.run(ThreadPoolExecutor.java:617)
	at java.lang.Thread.run(Thread.java:745)
2022-09-06 08:39:47.088 [ThreadPoolTaskScheduler-1] ERROR o.s.cloud.alibaba.nacos.discovery.NacosWatch - Error watching Nacos Service change
java.lang.IllegalStateException: failed to req API:/nacos/v1/ns/service/list after all servers([localhost:8848]) tried: failed to req API:http://localhost:8848/nacos/v1/ns/service/list. code:500 msg: java.net.ConnectException: Connection refused: connect
	at com.alibaba.nacos.client.naming.net.NamingProxy.reqAPI(NamingProxy.java:380)
	at com.alibaba.nacos.client.naming.net.NamingProxy.reqAPI(NamingProxy.java:346)
	at com.alibaba.nacos.client.naming.net.NamingProxy.reqAPI(NamingProxy.java:294)
	at com.alibaba.nacos.client.naming.net.NamingProxy.getServiceList(NamingProxy.java:276)
	at com.alibaba.nacos.client.naming.net.NamingProxy.getServiceList(NamingProxy.java:252)
	at com.alibaba.nacos.client.naming.NacosNamingService.getServicesOfServer(NacosNamingService.java:525)
	at org.springframework.cloud.alibaba.nacos.discovery.NacosWatch.nacosServicesWatch(NacosWatch.java:127)
	at org.springframework.cloud.alibaba.nacos.discovery.NacosWatch$$Lambda$732/1638622497.run(Unknown Source)
	at org.springframework.scheduling.support.DelegatingErrorHandlingRunnable.run(DelegatingErrorHandlingRunnable.java:54)
	at java.util.concurrent.Executors$RunnableAdapter.call(Executors.java:511)
	at java.util.concurrent.FutureTask.runAndReset(FutureTask.java:308)
	at java.util.concurrent.ScheduledThreadPoolExecutor$ScheduledFutureTask.access$301(ScheduledThreadPoolExecutor.java:180)
	at java.util.concurrent.ScheduledThreadPoolExecutor$ScheduledFutureTask.run(ScheduledThreadPoolExecutor.java:294)
	at java.util.concurrent.ThreadPoolExecutor.runWorker(ThreadPoolExecutor.java:1142)
	at java.util.concurrent.ThreadPoolExecutor$Worker.run(ThreadPoolExecutor.java:617)
	at java.lang.Thread.run(Thread.java:745)
2022-09-06 08:39:47.948 [main] ERROR o.s.c.alibaba.nacos.registry.NacosServiceRegistry - nacos registry, service-edu register failed...NacosRegistration{nacosDiscoveryProperties=NacosDiscoveryProperties{serverAddr='localhost:8848', endpoint='', namespace='', watchDelay=30000, logName='', service='service-edu', weight=1.0, clusterName='DEFAULT', namingLoadCacheAtStart='false', metadata={preserved.register.source=SPRING_CLOUD}, registerEnabled=true, ip='192.168.100.100', networkInterface='', port=8001, secure=false, accessKey='', secretKey=''}},
java.lang.IllegalStateException: failed to req API:/nacos/v1/ns/instance after all servers([localhost:8848]) tried: failed to req API:http://localhost:8848/nacos/v1/ns/instance. code:500 msg: java.net.ConnectException: Connection refused: connect
	at com.alibaba.nacos.client.naming.net.NamingProxy.reqAPI(NamingProxy.java:380)
	at com.alibaba.nacos.client.naming.net.NamingProxy.reqAPI(NamingProxy.java:304)
	at com.alibaba.nacos.client.naming.net.NamingProxy.registerService(NamingProxy.java:186)
	at com.alibaba.nacos.client.naming.NacosNamingService.registerInstance(NacosNamingService.java:298)
	at com.alibaba.nacos.client.naming.NacosNamingService.registerInstance(NacosNamingService.java:279)
	at org.springframework.cloud.alibaba.nacos.registry.NacosServiceRegistry.register(NacosServiceRegistry.java:63)
	at org.springframework.cloud.client.serviceregistry.AbstractAutoServiceRegistration.register(AbstractAutoServiceRegistration.java:239)
	at org.springframework.cloud.alibaba.nacos.registry.NacosAutoServiceRegistration.register(NacosAutoServiceRegistration.java:74)
	at org.springframework.cloud.client.serviceregistry.AbstractAutoServiceRegistration.start(AbstractAutoServiceRegistration.java:138)
	at org.springframework.cloud.client.serviceregistry.AbstractAutoServiceRegistration.bind(AbstractAutoServiceRegistration.java:101)
	at org.springframework.cloud.client.serviceregistry.AbstractAutoServiceRegistration.onApplicationEvent(AbstractAutoServiceRegistration.java:88)
	at org.springframework.cloud.client.serviceregistry.AbstractAutoServiceRegistration.onApplicationEvent(AbstractAutoServiceRegistration.java:47)
	at org.springframework.context.event.SimpleApplicationEventMulticaster.doInvokeListener(SimpleApplicationEventMulticaster.java:172)
	at org.springframework.context.event.SimpleApplicationEventMulticaster.invokeListener(SimpleApplicationEventMulticaster.java:165)
	at org.springframework.context.event.SimpleApplicationEventMulticaster.multicastEvent(SimpleApplicationEventMulticaster.java:139)
	at org.springframework.context.support.AbstractApplicationContext.publishEvent(AbstractApplicationContext.java:403)
	at org.springframework.context.support.AbstractApplicationContext.publishEvent(AbstractApplicationContext.java:360)
	at org.springframework.boot.web.servlet.context.ServletWebServerApplicationContext.finishRefresh(ServletWebServerApplicationContext.java:165)
	at org.springframework.context.support.AbstractApplicationContext.refresh(AbstractApplicationContext.java:553)
	at org.springframework.boot.web.servlet.context.ServletWebServerApplicationContext.refresh(ServletWebServerApplicationContext.java:141)
	at org.springframework.boot.SpringApplication.refresh(SpringApplication.java:747)
	at org.springframework.boot.SpringApplication.refreshContext(SpringApplication.java:397)
	at org.springframework.boot.SpringApplication.run(SpringApplication.java:315)
	at org.springframework.boot.SpringApplication.run(SpringApplication.java:1226)
	at org.springframework.boot.SpringApplication.run(SpringApplication.java:1215)
	at com.atguigu.eduservice.EduApplication.main(EduApplication.java:16)
2022-09-06 08:40:19.123 [ThreadPoolTaskScheduler-1] ERROR o.s.cloud.alibaba.nacos.discovery.NacosWatch - Error watching Nacos Service change
java.lang.IllegalStateException: failed to req API:/nacos/v1/ns/service/list after all servers([localhost:8848]) tried: failed to req API:http://localhost:8848/nacos/v1/ns/service/list. code:500 msg: java.net.ConnectException: Connection refused: connect
	at com.alibaba.nacos.client.naming.net.NamingProxy.reqAPI(NamingProxy.java:380)
	at com.alibaba.nacos.client.naming.net.NamingProxy.reqAPI(NamingProxy.java:346)
	at com.alibaba.nacos.client.naming.net.NamingProxy.reqAPI(NamingProxy.java:294)
	at com.alibaba.nacos.client.naming.net.NamingProxy.getServiceList(NamingProxy.java:276)
	at com.alibaba.nacos.client.naming.net.NamingProxy.getServiceList(NamingProxy.java:252)
	at com.alibaba.nacos.client.naming.NacosNamingService.getServicesOfServer(NacosNamingService.java:525)
	at org.springframework.cloud.alibaba.nacos.discovery.NacosWatch.nacosServicesWatch(NacosWatch.java:127)
	at org.springframework.cloud.alibaba.nacos.discovery.NacosWatch$$Lambda$732/1638622497.run(Unknown Source)
	at org.springframework.scheduling.support.DelegatingErrorHandlingRunnable.run(DelegatingErrorHandlingRunnable.java:54)
	at java.util.concurrent.Executors$RunnableAdapter.call(Executors.java:511)
	at java.util.concurrent.FutureTask.runAndReset(FutureTask.java:308)
	at java.util.concurrent.ScheduledThreadPoolExecutor$ScheduledFutureTask.access$301(ScheduledThreadPoolExecutor.java:180)
	at java.util.concurrent.ScheduledThreadPoolExecutor$ScheduledFutureTask.run(ScheduledThreadPoolExecutor.java:294)
	at java.util.concurrent.ThreadPoolExecutor.runWorker(ThreadPoolExecutor.java:1142)
	at java.util.concurrent.ThreadPoolExecutor$Worker.run(ThreadPoolExecutor.java:617)
	at java.lang.Thread.run(Thread.java:745)
2022-09-06 08:40:51.157 [ThreadPoolTaskScheduler-1] ERROR o.s.cloud.alibaba.nacos.discovery.NacosWatch - Error watching Nacos Service change
java.lang.IllegalStateException: failed to req API:/nacos/v1/ns/service/list after all servers([localhost:8848]) tried: failed to req API:http://localhost:8848/nacos/v1/ns/service/list. code:500 msg: java.net.ConnectException: Connection refused: connect
	at com.alibaba.nacos.client.naming.net.NamingProxy.reqAPI(NamingProxy.java:380)
	at com.alibaba.nacos.client.naming.net.NamingProxy.reqAPI(NamingProxy.java:346)
	at com.alibaba.nacos.client.naming.net.NamingProxy.reqAPI(NamingProxy.java:294)
	at com.alibaba.nacos.client.naming.net.NamingProxy.getServiceList(NamingProxy.java:276)
	at com.alibaba.nacos.client.naming.net.NamingProxy.getServiceList(NamingProxy.java:252)
	at com.alibaba.nacos.client.naming.NacosNamingService.getServicesOfServer(NacosNamingService.java:525)
	at org.springframework.cloud.alibaba.nacos.discovery.NacosWatch.nacosServicesWatch(NacosWatch.java:127)
	at org.springframework.cloud.alibaba.nacos.discovery.NacosWatch$$Lambda$732/1638622497.run(Unknown Source)
	at org.springframework.scheduling.support.DelegatingErrorHandlingRunnable.run(DelegatingErrorHandlingRunnable.java:54)
	at java.util.concurrent.Executors$RunnableAdapter.call(Executors.java:511)
	at java.util.concurrent.FutureTask.runAndReset(FutureTask.java:308)
	at java.util.concurrent.ScheduledThreadPoolExecutor$ScheduledFutureTask.access$301(ScheduledThreadPoolExecutor.java:180)
	at java.util.concurrent.ScheduledThreadPoolExecutor$ScheduledFutureTask.run(ScheduledThreadPoolExecutor.java:294)
	at java.util.concurrent.ThreadPoolExecutor.runWorker(ThreadPoolExecutor.java:1142)
	at java.util.concurrent.ThreadPoolExecutor$Worker.run(ThreadPoolExecutor.java:617)
	at java.lang.Thread.run(Thread.java:745)
2022-09-06 08:41:23.193 [ThreadPoolTaskScheduler-1] ERROR o.s.cloud.alibaba.nacos.discovery.NacosWatch - Error watching Nacos Service change
java.lang.IllegalStateException: failed to req API:/nacos/v1/ns/service/list after all servers([localhost:8848]) tried: failed to req API:http://localhost:8848/nacos/v1/ns/service/list. code:500 msg: java.net.ConnectException: Connection refused: connect
	at com.alibaba.nacos.client.naming.net.NamingProxy.reqAPI(NamingProxy.java:380)
	at com.alibaba.nacos.client.naming.net.NamingProxy.reqAPI(NamingProxy.java:346)
	at com.alibaba.nacos.client.naming.net.NamingProxy.reqAPI(NamingProxy.java:294)
	at com.alibaba.nacos.client.naming.net.NamingProxy.getServiceList(NamingProxy.java:276)
	at com.alibaba.nacos.client.naming.net.NamingProxy.getServiceList(NamingProxy.java:252)
	at com.alibaba.nacos.client.naming.NacosNamingService.getServicesOfServer(NacosNamingService.java:525)
	at org.springframework.cloud.alibaba.nacos.discovery.NacosWatch.nacosServicesWatch(NacosWatch.java:127)
	at org.springframework.cloud.alibaba.nacos.discovery.NacosWatch$$Lambda$732/1638622497.run(Unknown Source)
	at org.springframework.scheduling.support.DelegatingErrorHandlingRunnable.run(DelegatingErrorHandlingRunnable.java:54)
	at java.util.concurrent.Executors$RunnableAdapter.call(Executors.java:511)
	at java.util.concurrent.FutureTask.runAndReset(FutureTask.java:308)
	at java.util.concurrent.ScheduledThreadPoolExecutor$ScheduledFutureTask.access$301(ScheduledThreadPoolExecutor.java:180)
	at java.util.concurrent.ScheduledThreadPoolExecutor$ScheduledFutureTask.run(ScheduledThreadPoolExecutor.java:294)
	at java.util.concurrent.ThreadPoolExecutor.runWorker(ThreadPoolExecutor.java:1142)
	at java.util.concurrent.ThreadPoolExecutor$Worker.run(ThreadPoolExecutor.java:617)
	at java.lang.Thread.run(Thread.java:745)
2022-09-06 08:41:55.228 [ThreadPoolTaskScheduler-1] ERROR o.s.cloud.alibaba.nacos.discovery.NacosWatch - Error watching Nacos Service change
java.lang.IllegalStateException: failed to req API:/nacos/v1/ns/service/list after all servers([localhost:8848]) tried: failed to req API:http://localhost:8848/nacos/v1/ns/service/list. code:500 msg: java.net.ConnectException: Connection refused: connect
	at com.alibaba.nacos.client.naming.net.NamingProxy.reqAPI(NamingProxy.java:380)
	at com.alibaba.nacos.client.naming.net.NamingProxy.reqAPI(NamingProxy.java:346)
	at com.alibaba.nacos.client.naming.net.NamingProxy.reqAPI(NamingProxy.java:294)
	at com.alibaba.nacos.client.naming.net.NamingProxy.getServiceList(NamingProxy.java:276)
	at com.alibaba.nacos.client.naming.net.NamingProxy.getServiceList(NamingProxy.java:252)
	at com.alibaba.nacos.client.naming.NacosNamingService.getServicesOfServer(NacosNamingService.java:525)
	at org.springframework.cloud.alibaba.nacos.discovery.NacosWatch.nacosServicesWatch(NacosWatch.java:127)
	at org.springframework.cloud.alibaba.nacos.discovery.NacosWatch$$Lambda$732/1638622497.run(Unknown Source)
	at org.springframework.scheduling.support.DelegatingErrorHandlingRunnable.run(DelegatingErrorHandlingRunnable.java:54)
	at java.util.concurrent.Executors$RunnableAdapter.call(Executors.java:511)
	at java.util.concurrent.FutureTask.runAndReset(FutureTask.java:308)
	at java.util.concurrent.ScheduledThreadPoolExecutor$ScheduledFutureTask.access$301(ScheduledThreadPoolExecutor.java:180)
	at java.util.concurrent.ScheduledThreadPoolExecutor$ScheduledFutureTask.run(ScheduledThreadPoolExecutor.java:294)
	at java.util.concurrent.ThreadPoolExecutor.runWorker(ThreadPoolExecutor.java:1142)
	at java.util.concurrent.ThreadPoolExecutor$Worker.run(ThreadPoolExecutor.java:617)
	at java.lang.Thread.run(Thread.java:745)
2022-09-06 08:42:27.289 [ThreadPoolTaskScheduler-1] ERROR o.s.cloud.alibaba.nacos.discovery.NacosWatch - Error watching Nacos Service change
java.lang.IllegalStateException: failed to req API:/nacos/v1/ns/service/list after all servers([localhost:8848]) tried: failed to req API:http://localhost:8848/nacos/v1/ns/service/list. code:500 msg: java.net.ConnectException: Connection refused: connect
	at com.alibaba.nacos.client.naming.net.NamingProxy.reqAPI(NamingProxy.java:380)
	at com.alibaba.nacos.client.naming.net.NamingProxy.reqAPI(NamingProxy.java:346)
	at com.alibaba.nacos.client.naming.net.NamingProxy.reqAPI(NamingProxy.java:294)
	at com.alibaba.nacos.client.naming.net.NamingProxy.getServiceList(NamingProxy.java:276)
	at com.alibaba.nacos.client.naming.net.NamingProxy.getServiceList(NamingProxy.java:252)
	at com.alibaba.nacos.client.naming.NacosNamingService.getServicesOfServer(NacosNamingService.java:525)
	at org.springframework.cloud.alibaba.nacos.discovery.NacosWatch.nacosServicesWatch(NacosWatch.java:127)
	at org.springframework.cloud.alibaba.nacos.discovery.NacosWatch$$Lambda$732/1638622497.run(Unknown Source)
	at org.springframework.scheduling.support.DelegatingErrorHandlingRunnable.run(DelegatingErrorHandlingRunnable.java:54)
	at java.util.concurrent.Executors$RunnableAdapter.call(Executors.java:511)
	at java.util.concurrent.FutureTask.runAndReset(FutureTask.java:308)
	at java.util.concurrent.ScheduledThreadPoolExecutor$ScheduledFutureTask.access$301(ScheduledThreadPoolExecutor.java:180)
	at java.util.concurrent.ScheduledThreadPoolExecutor$ScheduledFutureTask.run(ScheduledThreadPoolExecutor.java:294)
	at java.util.concurrent.ThreadPoolExecutor.runWorker(ThreadPoolExecutor.java:1142)
	at java.util.concurrent.ThreadPoolExecutor$Worker.run(ThreadPoolExecutor.java:617)
	at java.lang.Thread.run(Thread.java:745)
2022-09-06 08:42:59.334 [ThreadPoolTaskScheduler-1] ERROR o.s.cloud.alibaba.nacos.discovery.NacosWatch - Error watching Nacos Service change
java.lang.IllegalStateException: failed to req API:/nacos/v1/ns/service/list after all servers([localhost:8848]) tried: failed to req API:http://localhost:8848/nacos/v1/ns/service/list. code:500 msg: java.net.ConnectException: Connection refused: connect
	at com.alibaba.nacos.client.naming.net.NamingProxy.reqAPI(NamingProxy.java:380)
	at com.alibaba.nacos.client.naming.net.NamingProxy.reqAPI(NamingProxy.java:346)
	at com.alibaba.nacos.client.naming.net.NamingProxy.reqAPI(NamingProxy.java:294)
	at com.alibaba.nacos.client.naming.net.NamingProxy.getServiceList(NamingProxy.java:276)
	at com.alibaba.nacos.client.naming.net.NamingProxy.getServiceList(NamingProxy.java:252)
	at com.alibaba.nacos.client.naming.NacosNamingService.getServicesOfServer(NacosNamingService.java:525)
	at org.springframework.cloud.alibaba.nacos.discovery.NacosWatch.nacosServicesWatch(NacosWatch.java:127)
	at org.springframework.cloud.alibaba.nacos.discovery.NacosWatch$$Lambda$732/1638622497.run(Unknown Source)
	at org.springframework.scheduling.support.DelegatingErrorHandlingRunnable.run(DelegatingErrorHandlingRunnable.java:54)
	at java.util.concurrent.Executors$RunnableAdapter.call(Executors.java:511)
	at java.util.concurrent.FutureTask.runAndReset(FutureTask.java:308)
	at java.util.concurrent.ScheduledThreadPoolExecutor$ScheduledFutureTask.access$301(ScheduledThreadPoolExecutor.java:180)
	at java.util.concurrent.ScheduledThreadPoolExecutor$ScheduledFutureTask.run(ScheduledThreadPoolExecutor.java:294)
	at java.util.concurrent.ThreadPoolExecutor.runWorker(ThreadPoolExecutor.java:1142)
	at java.util.concurrent.ThreadPoolExecutor$Worker.run(ThreadPoolExecutor.java:617)
	at java.lang.Thread.run(Thread.java:745)
2022-09-06 08:43:31.375 [ThreadPoolTaskScheduler-1] ERROR o.s.cloud.alibaba.nacos.discovery.NacosWatch - Error watching Nacos Service change
java.lang.IllegalStateException: failed to req API:/nacos/v1/ns/service/list after all servers([localhost:8848]) tried: failed to req API:http://localhost:8848/nacos/v1/ns/service/list. code:500 msg: java.net.ConnectException: Connection refused: connect
	at com.alibaba.nacos.client.naming.net.NamingProxy.reqAPI(NamingProxy.java:380)
	at com.alibaba.nacos.client.naming.net.NamingProxy.reqAPI(NamingProxy.java:346)
	at com.alibaba.nacos.client.naming.net.NamingProxy.reqAPI(NamingProxy.java:294)
	at com.alibaba.nacos.client.naming.net.NamingProxy.getServiceList(NamingProxy.java:276)
	at com.alibaba.nacos.client.naming.net.NamingProxy.getServiceList(NamingProxy.java:252)
	at com.alibaba.nacos.client.naming.NacosNamingService.getServicesOfServer(NacosNamingService.java:525)
	at org.springframework.cloud.alibaba.nacos.discovery.NacosWatch.nacosServicesWatch(NacosWatch.java:127)
	at org.springframework.cloud.alibaba.nacos.discovery.NacosWatch$$Lambda$732/1638622497.run(Unknown Source)
	at org.springframework.scheduling.support.DelegatingErrorHandlingRunnable.run(DelegatingErrorHandlingRunnable.java:54)
	at java.util.concurrent.Executors$RunnableAdapter.call(Executors.java:511)
	at java.util.concurrent.FutureTask.runAndReset(FutureTask.java:308)
	at java.util.concurrent.ScheduledThreadPoolExecutor$ScheduledFutureTask.access$301(ScheduledThreadPoolExecutor.java:180)
	at java.util.concurrent.ScheduledThreadPoolExecutor$ScheduledFutureTask.run(ScheduledThreadPoolExecutor.java:294)
	at java.util.concurrent.ThreadPoolExecutor.runWorker(ThreadPoolExecutor.java:1142)
	at java.util.concurrent.ThreadPoolExecutor$Worker.run(ThreadPoolExecutor.java:617)
	at java.lang.Thread.run(Thread.java:745)
2022-09-06 08:44:03.426 [ThreadPoolTaskScheduler-1] ERROR o.s.cloud.alibaba.nacos.discovery.NacosWatch - Error watching Nacos Service change
java.lang.IllegalStateException: failed to req API:/nacos/v1/ns/service/list after all servers([localhost:8848]) tried: failed to req API:http://localhost:8848/nacos/v1/ns/service/list. code:500 msg: java.net.ConnectException: Connection refused: connect
	at com.alibaba.nacos.client.naming.net.NamingProxy.reqAPI(NamingProxy.java:380)
	at com.alibaba.nacos.client.naming.net.NamingProxy.reqAPI(NamingProxy.java:346)
	at com.alibaba.nacos.client.naming.net.NamingProxy.reqAPI(NamingProxy.java:294)
	at com.alibaba.nacos.client.naming.net.NamingProxy.getServiceList(NamingProxy.java:276)
	at com.alibaba.nacos.client.naming.net.NamingProxy.getServiceList(NamingProxy.java:252)
	at com.alibaba.nacos.client.naming.NacosNamingService.getServicesOfServer(NacosNamingService.java:525)
	at org.springframework.cloud.alibaba.nacos.discovery.NacosWatch.nacosServicesWatch(NacosWatch.java:127)
	at org.springframework.cloud.alibaba.nacos.discovery.NacosWatch$$Lambda$732/1638622497.run(Unknown Source)
	at org.springframework.scheduling.support.DelegatingErrorHandlingRunnable.run(DelegatingErrorHandlingRunnable.java:54)
	at java.util.concurrent.Executors$RunnableAdapter.call(Executors.java:511)
	at java.util.concurrent.FutureTask.runAndReset(FutureTask.java:308)
	at java.util.concurrent.ScheduledThreadPoolExecutor$ScheduledFutureTask.access$301(ScheduledThreadPoolExecutor.java:180)
	at java.util.concurrent.ScheduledThreadPoolExecutor$ScheduledFutureTask.run(ScheduledThreadPoolExecutor.java:294)
	at java.util.concurrent.ThreadPoolExecutor.runWorker(ThreadPoolExecutor.java:1142)
	at java.util.concurrent.ThreadPoolExecutor$Worker.run(ThreadPoolExecutor.java:617)
	at java.lang.Thread.run(Thread.java:745)
2022-09-06 08:44:35.497 [ThreadPoolTaskScheduler-1] ERROR o.s.cloud.alibaba.nacos.discovery.NacosWatch - Error watching Nacos Service change
java.lang.IllegalStateException: failed to req API:/nacos/v1/ns/service/list after all servers([localhost:8848]) tried: failed to req API:http://localhost:8848/nacos/v1/ns/service/list. code:500 msg: java.net.ConnectException: Connection refused: connect
	at com.alibaba.nacos.client.naming.net.NamingProxy.reqAPI(NamingProxy.java:380)
	at com.alibaba.nacos.client.naming.net.NamingProxy.reqAPI(NamingProxy.java:346)
	at com.alibaba.nacos.client.naming.net.NamingProxy.reqAPI(NamingProxy.java:294)
	at com.alibaba.nacos.client.naming.net.NamingProxy.getServiceList(NamingProxy.java:276)
	at com.alibaba.nacos.client.naming.net.NamingProxy.getServiceList(NamingProxy.java:252)
	at com.alibaba.nacos.client.naming.NacosNamingService.getServicesOfServer(NacosNamingService.java:525)
	at org.springframework.cloud.alibaba.nacos.discovery.NacosWatch.nacosServicesWatch(NacosWatch.java:127)
	at org.springframework.cloud.alibaba.nacos.discovery.NacosWatch$$Lambda$732/1638622497.run(Unknown Source)
	at org.springframework.scheduling.support.DelegatingErrorHandlingRunnable.run(DelegatingErrorHandlingRunnable.java:54)
	at java.util.concurrent.Executors$RunnableAdapter.call(Executors.java:511)
	at java.util.concurrent.FutureTask.runAndReset(FutureTask.java:308)
	at java.util.concurrent.ScheduledThreadPoolExecutor$ScheduledFutureTask.access$301(ScheduledThreadPoolExecutor.java:180)
	at java.util.concurrent.ScheduledThreadPoolExecutor$ScheduledFutureTask.run(ScheduledThreadPoolExecutor.java:294)
	at java.util.concurrent.ThreadPoolExecutor.runWorker(ThreadPoolExecutor.java:1142)
	at java.util.concurrent.ThreadPoolExecutor$Worker.run(ThreadPoolExecutor.java:617)
	at java.lang.Thread.run(Thread.java:745)
2022-09-06 08:45:07.527 [ThreadPoolTaskScheduler-1] ERROR o.s.cloud.alibaba.nacos.discovery.NacosWatch - Error watching Nacos Service change
java.lang.IllegalStateException: failed to req API:/nacos/v1/ns/service/list after all servers([localhost:8848]) tried: failed to req API:http://localhost:8848/nacos/v1/ns/service/list. code:500 msg: java.net.ConnectException: Connection refused: connect
	at com.alibaba.nacos.client.naming.net.NamingProxy.reqAPI(NamingProxy.java:380)
	at com.alibaba.nacos.client.naming.net.NamingProxy.reqAPI(NamingProxy.java:346)
	at com.alibaba.nacos.client.naming.net.NamingProxy.reqAPI(NamingProxy.java:294)
	at com.alibaba.nacos.client.naming.net.NamingProxy.getServiceList(NamingProxy.java:276)
	at com.alibaba.nacos.client.naming.net.NamingProxy.getServiceList(NamingProxy.java:252)
	at com.alibaba.nacos.client.naming.NacosNamingService.getServicesOfServer(NacosNamingService.java:525)
	at org.springframework.cloud.alibaba.nacos.discovery.NacosWatch.nacosServicesWatch(NacosWatch.java:127)
	at org.springframework.cloud.alibaba.nacos.discovery.NacosWatch$$Lambda$732/1638622497.run(Unknown Source)
	at org.springframework.scheduling.support.DelegatingErrorHandlingRunnable.run(DelegatingErrorHandlingRunnable.java:54)
	at java.util.concurrent.Executors$RunnableAdapter.call(Executors.java:511)
	at java.util.concurrent.FutureTask.runAndReset(FutureTask.java:308)
	at java.util.concurrent.ScheduledThreadPoolExecutor$ScheduledFutureTask.access$301(ScheduledThreadPoolExecutor.java:180)
	at java.util.concurrent.ScheduledThreadPoolExecutor$ScheduledFutureTask.run(ScheduledThreadPoolExecutor.java:294)
	at java.util.concurrent.ThreadPoolExecutor.runWorker(ThreadPoolExecutor.java:1142)
	at java.util.concurrent.ThreadPoolExecutor$Worker.run(ThreadPoolExecutor.java:617)
	at java.lang.Thread.run(Thread.java:745)
2022-09-06 08:45:39.560 [ThreadPoolTaskScheduler-1] ERROR o.s.cloud.alibaba.nacos.discovery.NacosWatch - Error watching Nacos Service change
java.lang.IllegalStateException: failed to req API:/nacos/v1/ns/service/list after all servers([localhost:8848]) tried: failed to req API:http://localhost:8848/nacos/v1/ns/service/list. code:500 msg: java.net.ConnectException: Connection refused: connect
	at com.alibaba.nacos.client.naming.net.NamingProxy.reqAPI(NamingProxy.java:380)
	at com.alibaba.nacos.client.naming.net.NamingProxy.reqAPI(NamingProxy.java:346)
	at com.alibaba.nacos.client.naming.net.NamingProxy.reqAPI(NamingProxy.java:294)
	at com.alibaba.nacos.client.naming.net.NamingProxy.getServiceList(NamingProxy.java:276)
	at com.alibaba.nacos.client.naming.net.NamingProxy.getServiceList(NamingProxy.java:252)
	at com.alibaba.nacos.client.naming.NacosNamingService.getServicesOfServer(NacosNamingService.java:525)
	at org.springframework.cloud.alibaba.nacos.discovery.NacosWatch.nacosServicesWatch(NacosWatch.java:127)
	at org.springframework.cloud.alibaba.nacos.discovery.NacosWatch$$Lambda$732/1638622497.run(Unknown Source)
	at org.springframework.scheduling.support.DelegatingErrorHandlingRunnable.run(DelegatingErrorHandlingRunnable.java:54)
	at java.util.concurrent.Executors$RunnableAdapter.call(Executors.java:511)
	at java.util.concurrent.FutureTask.runAndReset(FutureTask.java:308)
	at java.util.concurrent.ScheduledThreadPoolExecutor$ScheduledFutureTask.access$301(ScheduledThreadPoolExecutor.java:180)
	at java.util.concurrent.ScheduledThreadPoolExecutor$ScheduledFutureTask.run(ScheduledThreadPoolExecutor.java:294)
	at java.util.concurrent.ThreadPoolExecutor.runWorker(ThreadPoolExecutor.java:1142)
	at java.util.concurrent.ThreadPoolExecutor$Worker.run(ThreadPoolExecutor.java:617)
	at java.lang.Thread.run(Thread.java:745)
2022-09-06 08:46:11.618 [ThreadPoolTaskScheduler-1] ERROR o.s.cloud.alibaba.nacos.discovery.NacosWatch - Error watching Nacos Service change
java.lang.IllegalStateException: failed to req API:/nacos/v1/ns/service/list after all servers([localhost:8848]) tried: failed to req API:http://localhost:8848/nacos/v1/ns/service/list. code:500 msg: java.net.ConnectException: Connection refused: connect
	at com.alibaba.nacos.client.naming.net.NamingProxy.reqAPI(NamingProxy.java:380)
	at com.alibaba.nacos.client.naming.net.NamingProxy.reqAPI(NamingProxy.java:346)
	at com.alibaba.nacos.client.naming.net.NamingProxy.reqAPI(NamingProxy.java:294)
	at com.alibaba.nacos.client.naming.net.NamingProxy.getServiceList(NamingProxy.java:276)
	at com.alibaba.nacos.client.naming.net.NamingProxy.getServiceList(NamingProxy.java:252)
	at com.alibaba.nacos.client.naming.NacosNamingService.getServicesOfServer(NacosNamingService.java:525)
	at org.springframework.cloud.alibaba.nacos.discovery.NacosWatch.nacosServicesWatch(NacosWatch.java:127)
	at org.springframework.cloud.alibaba.nacos.discovery.NacosWatch$$Lambda$732/1638622497.run(Unknown Source)
	at org.springframework.scheduling.support.DelegatingErrorHandlingRunnable.run(DelegatingErrorHandlingRunnable.java:54)
	at java.util.concurrent.Executors$RunnableAdapter.call(Executors.java:511)
	at java.util.concurrent.FutureTask.runAndReset(FutureTask.java:308)
	at java.util.concurrent.ScheduledThreadPoolExecutor$ScheduledFutureTask.access$301(ScheduledThreadPoolExecutor.java:180)
	at java.util.concurrent.ScheduledThreadPoolExecutor$ScheduledFutureTask.run(ScheduledThreadPoolExecutor.java:294)
	at java.util.concurrent.ThreadPoolExecutor.runWorker(ThreadPoolExecutor.java:1142)
	at java.util.concurrent.ThreadPoolExecutor$Worker.run(ThreadPoolExecutor.java:617)
	at java.lang.Thread.run(Thread.java:745)
2022-09-06 08:46:43.690 [ThreadPoolTaskScheduler-1] ERROR o.s.cloud.alibaba.nacos.discovery.NacosWatch - Error watching Nacos Service change
java.lang.IllegalStateException: failed to req API:/nacos/v1/ns/service/list after all servers([localhost:8848]) tried: failed to req API:http://localhost:8848/nacos/v1/ns/service/list. code:500 msg: java.net.ConnectException: Connection refused: connect
	at com.alibaba.nacos.client.naming.net.NamingProxy.reqAPI(NamingProxy.java:380)
	at com.alibaba.nacos.client.naming.net.NamingProxy.reqAPI(NamingProxy.java:346)
	at com.alibaba.nacos.client.naming.net.NamingProxy.reqAPI(NamingProxy.java:294)
	at com.alibaba.nacos.client.naming.net.NamingProxy.getServiceList(NamingProxy.java:276)
	at com.alibaba.nacos.client.naming.net.NamingProxy.getServiceList(NamingProxy.java:252)
	at com.alibaba.nacos.client.naming.NacosNamingService.getServicesOfServer(NacosNamingService.java:525)
	at org.springframework.cloud.alibaba.nacos.discovery.NacosWatch.nacosServicesWatch(NacosWatch.java:127)
	at org.springframework.cloud.alibaba.nacos.discovery.NacosWatch$$Lambda$732/1638622497.run(Unknown Source)
	at org.springframework.scheduling.support.DelegatingErrorHandlingRunnable.run(DelegatingErrorHandlingRunnable.java:54)
	at java.util.concurrent.Executors$RunnableAdapter.call(Executors.java:511)
	at java.util.concurrent.FutureTask.runAndReset(FutureTask.java:308)
	at java.util.concurrent.ScheduledThreadPoolExecutor$ScheduledFutureTask.access$301(ScheduledThreadPoolExecutor.java:180)
	at java.util.concurrent.ScheduledThreadPoolExecutor$ScheduledFutureTask.run(ScheduledThreadPoolExecutor.java:294)
	at java.util.concurrent.ThreadPoolExecutor.runWorker(ThreadPoolExecutor.java:1142)
	at java.util.concurrent.ThreadPoolExecutor$Worker.run(ThreadPoolExecutor.java:617)
	at java.lang.Thread.run(Thread.java:745)
2022-09-06 08:47:15.750 [ThreadPoolTaskScheduler-1] ERROR o.s.cloud.alibaba.nacos.discovery.NacosWatch - Error watching Nacos Service change
java.lang.IllegalStateException: failed to req API:/nacos/v1/ns/service/list after all servers([localhost:8848]) tried: failed to req API:http://localhost:8848/nacos/v1/ns/service/list. code:500 msg: java.net.ConnectException: Connection refused: connect
	at com.alibaba.nacos.client.naming.net.NamingProxy.reqAPI(NamingProxy.java:380)
	at com.alibaba.nacos.client.naming.net.NamingProxy.reqAPI(NamingProxy.java:346)
	at com.alibaba.nacos.client.naming.net.NamingProxy.reqAPI(NamingProxy.java:294)
	at com.alibaba.nacos.client.naming.net.NamingProxy.getServiceList(NamingProxy.java:276)
	at com.alibaba.nacos.client.naming.net.NamingProxy.getServiceList(NamingProxy.java:252)
	at com.alibaba.nacos.client.naming.NacosNamingService.getServicesOfServer(NacosNamingService.java:525)
	at org.springframework.cloud.alibaba.nacos.discovery.NacosWatch.nacosServicesWatch(NacosWatch.java:127)
	at org.springframework.cloud.alibaba.nacos.discovery.NacosWatch$$Lambda$732/1638622497.run(Unknown Source)
	at org.springframework.scheduling.support.DelegatingErrorHandlingRunnable.run(DelegatingErrorHandlingRunnable.java:54)
	at java.util.concurrent.Executors$RunnableAdapter.call(Executors.java:511)
	at java.util.concurrent.FutureTask.runAndReset(FutureTask.java:308)
	at java.util.concurrent.ScheduledThreadPoolExecutor$ScheduledFutureTask.access$301(ScheduledThreadPoolExecutor.java:180)
	at java.util.concurrent.ScheduledThreadPoolExecutor$ScheduledFutureTask.run(ScheduledThreadPoolExecutor.java:294)
	at java.util.concurrent.ThreadPoolExecutor.runWorker(ThreadPoolExecutor.java:1142)
	at java.util.concurrent.ThreadPoolExecutor$Worker.run(ThreadPoolExecutor.java:617)
	at java.lang.Thread.run(Thread.java:745)
2022-09-06 08:47:47.791 [ThreadPoolTaskScheduler-1] ERROR o.s.cloud.alibaba.nacos.discovery.NacosWatch - Error watching Nacos Service change
java.lang.IllegalStateException: failed to req API:/nacos/v1/ns/service/list after all servers([localhost:8848]) tried: failed to req API:http://localhost:8848/nacos/v1/ns/service/list. code:500 msg: java.net.ConnectException: Connection refused: connect
	at com.alibaba.nacos.client.naming.net.NamingProxy.reqAPI(NamingProxy.java:380)
	at com.alibaba.nacos.client.naming.net.NamingProxy.reqAPI(NamingProxy.java:346)
	at com.alibaba.nacos.client.naming.net.NamingProxy.reqAPI(NamingProxy.java:294)
	at com.alibaba.nacos.client.naming.net.NamingProxy.getServiceList(NamingProxy.java:276)
	at com.alibaba.nacos.client.naming.net.NamingProxy.getServiceList(NamingProxy.java:252)
	at com.alibaba.nacos.client.naming.NacosNamingService.getServicesOfServer(NacosNamingService.java:525)
	at org.springframework.cloud.alibaba.nacos.discovery.NacosWatch.nacosServicesWatch(NacosWatch.java:127)
	at org.springframework.cloud.alibaba.nacos.discovery.NacosWatch$$Lambda$732/1638622497.run(Unknown Source)
	at org.springframework.scheduling.support.DelegatingErrorHandlingRunnable.run(DelegatingErrorHandlingRunnable.java:54)
	at java.util.concurrent.Executors$RunnableAdapter.call(Executors.java:511)
	at java.util.concurrent.FutureTask.runAndReset(FutureTask.java:308)
	at java.util.concurrent.ScheduledThreadPoolExecutor$ScheduledFutureTask.access$301(ScheduledThreadPoolExecutor.java:180)
	at java.util.concurrent.ScheduledThreadPoolExecutor$ScheduledFutureTask.run(ScheduledThreadPoolExecutor.java:294)
	at java.util.concurrent.ThreadPoolExecutor.runWorker(ThreadPoolExecutor.java:1142)
	at java.util.concurrent.ThreadPoolExecutor$Worker.run(ThreadPoolExecutor.java:617)
	at java.lang.Thread.run(Thread.java:745)
2022-09-06 08:48:19.850 [ThreadPoolTaskScheduler-1] ERROR o.s.cloud.alibaba.nacos.discovery.NacosWatch - Error watching Nacos Service change
java.lang.IllegalStateException: failed to req API:/nacos/v1/ns/service/list after all servers([localhost:8848]) tried: failed to req API:http://localhost:8848/nacos/v1/ns/service/list. code:500 msg: java.net.ConnectException: Connection refused: connect
	at com.alibaba.nacos.client.naming.net.NamingProxy.reqAPI(NamingProxy.java:380)
	at com.alibaba.nacos.client.naming.net.NamingProxy.reqAPI(NamingProxy.java:346)
	at com.alibaba.nacos.client.naming.net.NamingProxy.reqAPI(NamingProxy.java:294)
	at com.alibaba.nacos.client.naming.net.NamingProxy.getServiceList(NamingProxy.java:276)
	at com.alibaba.nacos.client.naming.net.NamingProxy.getServiceList(NamingProxy.java:252)
	at com.alibaba.nacos.client.naming.NacosNamingService.getServicesOfServer(NacosNamingService.java:525)
	at org.springframework.cloud.alibaba.nacos.discovery.NacosWatch.nacosServicesWatch(NacosWatch.java:127)
	at org.springframework.cloud.alibaba.nacos.discovery.NacosWatch$$Lambda$732/1638622497.run(Unknown Source)
	at org.springframework.scheduling.support.DelegatingErrorHandlingRunnable.run(DelegatingErrorHandlingRunnable.java:54)
	at java.util.concurrent.Executors$RunnableAdapter.call(Executors.java:511)
	at java.util.concurrent.FutureTask.runAndReset(FutureTask.java:308)
	at java.util.concurrent.ScheduledThreadPoolExecutor$ScheduledFutureTask.access$301(ScheduledThreadPoolExecutor.java:180)
	at java.util.concurrent.ScheduledThreadPoolExecutor$ScheduledFutureTask.run(ScheduledThreadPoolExecutor.java:294)
	at java.util.concurrent.ThreadPoolExecutor.runWorker(ThreadPoolExecutor.java:1142)
	at java.util.concurrent.ThreadPoolExecutor$Worker.run(ThreadPoolExecutor.java:617)
	at java.lang.Thread.run(Thread.java:745)
2022-09-06 08:48:51.898 [ThreadPoolTaskScheduler-1] ERROR o.s.cloud.alibaba.nacos.discovery.NacosWatch - Error watching Nacos Service change
java.lang.IllegalStateException: failed to req API:/nacos/v1/ns/service/list after all servers([localhost:8848]) tried: failed to req API:http://localhost:8848/nacos/v1/ns/service/list. code:500 msg: java.net.ConnectException: Connection refused: connect
	at com.alibaba.nacos.client.naming.net.NamingProxy.reqAPI(NamingProxy.java:380)
	at com.alibaba.nacos.client.naming.net.NamingProxy.reqAPI(NamingProxy.java:346)
	at com.alibaba.nacos.client.naming.net.NamingProxy.reqAPI(NamingProxy.java:294)
	at com.alibaba.nacos.client.naming.net.NamingProxy.getServiceList(NamingProxy.java:276)
	at com.alibaba.nacos.client.naming.net.NamingProxy.getServiceList(NamingProxy.java:252)
	at com.alibaba.nacos.client.naming.NacosNamingService.getServicesOfServer(NacosNamingService.java:525)
	at org.springframework.cloud.alibaba.nacos.discovery.NacosWatch.nacosServicesWatch(NacosWatch.java:127)
	at org.springframework.cloud.alibaba.nacos.discovery.NacosWatch$$Lambda$732/1638622497.run(Unknown Source)
	at org.springframework.scheduling.support.DelegatingErrorHandlingRunnable.run(DelegatingErrorHandlingRunnable.java:54)
	at java.util.concurrent.Executors$RunnableAdapter.call(Executors.java:511)
	at java.util.concurrent.FutureTask.runAndReset(FutureTask.java:308)
	at java.util.concurrent.ScheduledThreadPoolExecutor$ScheduledFutureTask.access$301(ScheduledThreadPoolExecutor.java:180)
	at java.util.concurrent.ScheduledThreadPoolExecutor$ScheduledFutureTask.run(ScheduledThreadPoolExecutor.java:294)
	at java.util.concurrent.ThreadPoolExecutor.runWorker(ThreadPoolExecutor.java:1142)
	at java.util.concurrent.ThreadPoolExecutor$Worker.run(ThreadPoolExecutor.java:617)
	at java.lang.Thread.run(Thread.java:745)
2022-09-06 08:49:23.981 [ThreadPoolTaskScheduler-1] ERROR o.s.cloud.alibaba.nacos.discovery.NacosWatch - Error watching Nacos Service change
java.lang.IllegalStateException: failed to req API:/nacos/v1/ns/service/list after all servers([localhost:8848]) tried: failed to req API:http://localhost:8848/nacos/v1/ns/service/list. code:500 msg: java.net.ConnectException: Connection refused: connect
	at com.alibaba.nacos.client.naming.net.NamingProxy.reqAPI(NamingProxy.java:380)
	at com.alibaba.nacos.client.naming.net.NamingProxy.reqAPI(NamingProxy.java:346)
	at com.alibaba.nacos.client.naming.net.NamingProxy.reqAPI(NamingProxy.java:294)
	at com.alibaba.nacos.client.naming.net.NamingProxy.getServiceList(NamingProxy.java:276)
	at com.alibaba.nacos.client.naming.net.NamingProxy.getServiceList(NamingProxy.java:252)
	at com.alibaba.nacos.client.naming.NacosNamingService.getServicesOfServer(NacosNamingService.java:525)
	at org.springframework.cloud.alibaba.nacos.discovery.NacosWatch.nacosServicesWatch(NacosWatch.java:127)
	at org.springframework.cloud.alibaba.nacos.discovery.NacosWatch$$Lambda$732/1638622497.run(Unknown Source)
	at org.springframework.scheduling.support.DelegatingErrorHandlingRunnable.run(DelegatingErrorHandlingRunnable.java:54)
	at java.util.concurrent.Executors$RunnableAdapter.call(Executors.java:511)
	at java.util.concurrent.FutureTask.runAndReset(FutureTask.java:308)
	at java.util.concurrent.ScheduledThreadPoolExecutor$ScheduledFutureTask.access$301(ScheduledThreadPoolExecutor.java:180)
	at java.util.concurrent.ScheduledThreadPoolExecutor$ScheduledFutureTask.run(ScheduledThreadPoolExecutor.java:294)
	at java.util.concurrent.ThreadPoolExecutor.runWorker(ThreadPoolExecutor.java:1142)
	at java.util.concurrent.ThreadPoolExecutor$Worker.run(ThreadPoolExecutor.java:617)
	at java.lang.Thread.run(Thread.java:745)
2022-09-06 08:49:56.027 [ThreadPoolTaskScheduler-1] ERROR o.s.cloud.alibaba.nacos.discovery.NacosWatch - Error watching Nacos Service change
java.lang.IllegalStateException: failed to req API:/nacos/v1/ns/service/list after all servers([localhost:8848]) tried: failed to req API:http://localhost:8848/nacos/v1/ns/service/list. code:500 msg: java.net.ConnectException: Connection refused: connect
	at com.alibaba.nacos.client.naming.net.NamingProxy.reqAPI(NamingProxy.java:380)
	at com.alibaba.nacos.client.naming.net.NamingProxy.reqAPI(NamingProxy.java:346)
	at com.alibaba.nacos.client.naming.net.NamingProxy.reqAPI(NamingProxy.java:294)
	at com.alibaba.nacos.client.naming.net.NamingProxy.getServiceList(NamingProxy.java:276)
	at com.alibaba.nacos.client.naming.net.NamingProxy.getServiceList(NamingProxy.java:252)
	at com.alibaba.nacos.client.naming.NacosNamingService.getServicesOfServer(NacosNamingService.java:525)
	at org.springframework.cloud.alibaba.nacos.discovery.NacosWatch.nacosServicesWatch(NacosWatch.java:127)
	at org.springframework.cloud.alibaba.nacos.discovery.NacosWatch$$Lambda$732/1638622497.run(Unknown Source)
	at org.springframework.scheduling.support.DelegatingErrorHandlingRunnable.run(DelegatingErrorHandlingRunnable.java:54)
	at java.util.concurrent.Executors$RunnableAdapter.call(Executors.java:511)
	at java.util.concurrent.FutureTask.runAndReset(FutureTask.java:308)
	at java.util.concurrent.ScheduledThreadPoolExecutor$ScheduledFutureTask.access$301(ScheduledThreadPoolExecutor.java:180)
	at java.util.concurrent.ScheduledThreadPoolExecutor$ScheduledFutureTask.run(ScheduledThreadPoolExecutor.java:294)
	at java.util.concurrent.ThreadPoolExecutor.runWorker(ThreadPoolExecutor.java:1142)
	at java.util.concurrent.ThreadPoolExecutor$Worker.run(ThreadPoolExecutor.java:617)
	at java.lang.Thread.run(Thread.java:745)
2022-09-06 08:50:28.096 [ThreadPoolTaskScheduler-1] ERROR o.s.cloud.alibaba.nacos.discovery.NacosWatch - Error watching Nacos Service change
java.lang.IllegalStateException: failed to req API:/nacos/v1/ns/service/list after all servers([localhost:8848]) tried: failed to req API:http://localhost:8848/nacos/v1/ns/service/list. code:500 msg: java.net.ConnectException: Connection refused: connect
	at com.alibaba.nacos.client.naming.net.NamingProxy.reqAPI(NamingProxy.java:380)
	at com.alibaba.nacos.client.naming.net.NamingProxy.reqAPI(NamingProxy.java:346)
	at com.alibaba.nacos.client.naming.net.NamingProxy.reqAPI(NamingProxy.java:294)
	at com.alibaba.nacos.client.naming.net.NamingProxy.getServiceList(NamingProxy.java:276)
	at com.alibaba.nacos.client.naming.net.NamingProxy.getServiceList(NamingProxy.java:252)
	at com.alibaba.nacos.client.naming.NacosNamingService.getServicesOfServer(NacosNamingService.java:525)
	at org.springframework.cloud.alibaba.nacos.discovery.NacosWatch.nacosServicesWatch(NacosWatch.java:127)
	at org.springframework.cloud.alibaba.nacos.discovery.NacosWatch$$Lambda$732/1638622497.run(Unknown Source)
	at org.springframework.scheduling.support.DelegatingErrorHandlingRunnable.run(DelegatingErrorHandlingRunnable.java:54)
	at java.util.concurrent.Executors$RunnableAdapter.call(Executors.java:511)
	at java.util.concurrent.FutureTask.runAndReset(FutureTask.java:308)
	at java.util.concurrent.ScheduledThreadPoolExecutor$ScheduledFutureTask.access$301(ScheduledThreadPoolExecutor.java:180)
	at java.util.concurrent.ScheduledThreadPoolExecutor$ScheduledFutureTask.run(ScheduledThreadPoolExecutor.java:294)
	at java.util.concurrent.ThreadPoolExecutor.runWorker(ThreadPoolExecutor.java:1142)
	at java.util.concurrent.ThreadPoolExecutor$Worker.run(ThreadPoolExecutor.java:617)
	at java.lang.Thread.run(Thread.java:745)
2022-09-06 08:51:00.148 [ThreadPoolTaskScheduler-1] ERROR o.s.cloud.alibaba.nacos.discovery.NacosWatch - Error watching Nacos Service change
java.lang.IllegalStateException: failed to req API:/nacos/v1/ns/service/list after all servers([localhost:8848]) tried: failed to req API:http://localhost:8848/nacos/v1/ns/service/list. code:500 msg: java.net.ConnectException: Connection refused: connect
	at com.alibaba.nacos.client.naming.net.NamingProxy.reqAPI(NamingProxy.java:380)
	at com.alibaba.nacos.client.naming.net.NamingProxy.reqAPI(NamingProxy.java:346)
	at com.alibaba.nacos.client.naming.net.NamingProxy.reqAPI(NamingProxy.java:294)
	at com.alibaba.nacos.client.naming.net.NamingProxy.getServiceList(NamingProxy.java:276)
	at com.alibaba.nacos.client.naming.net.NamingProxy.getServiceList(NamingProxy.java:252)
	at com.alibaba.nacos.client.naming.NacosNamingService.getServicesOfServer(NacosNamingService.java:525)
	at org.springframework.cloud.alibaba.nacos.discovery.NacosWatch.nacosServicesWatch(NacosWatch.java:127)
	at org.springframework.cloud.alibaba.nacos.discovery.NacosWatch$$Lambda$732/1638622497.run(Unknown Source)
	at org.springframework.scheduling.support.DelegatingErrorHandlingRunnable.run(DelegatingErrorHandlingRunnable.java:54)
	at java.util.concurrent.Executors$RunnableAdapter.call(Executors.java:511)
	at java.util.concurrent.FutureTask.runAndReset(FutureTask.java:308)
	at java.util.concurrent.ScheduledThreadPoolExecutor$ScheduledFutureTask.access$301(ScheduledThreadPoolExecutor.java:180)
	at java.util.concurrent.ScheduledThreadPoolExecutor$ScheduledFutureTask.run(ScheduledThreadPoolExecutor.java:294)
	at java.util.concurrent.ThreadPoolExecutor.runWorker(ThreadPoolExecutor.java:1142)
	at java.util.concurrent.ThreadPoolExecutor$Worker.run(ThreadPoolExecutor.java:617)
	at java.lang.Thread.run(Thread.java:745)
2022-09-06 08:51:32.187 [ThreadPoolTaskScheduler-1] ERROR o.s.cloud.alibaba.nacos.discovery.NacosWatch - Error watching Nacos Service change
java.lang.IllegalStateException: failed to req API:/nacos/v1/ns/service/list after all servers([localhost:8848]) tried: failed to req API:http://localhost:8848/nacos/v1/ns/service/list. code:500 msg: java.net.ConnectException: Connection refused: connect
	at com.alibaba.nacos.client.naming.net.NamingProxy.reqAPI(NamingProxy.java:380)
	at com.alibaba.nacos.client.naming.net.NamingProxy.reqAPI(NamingProxy.java:346)
	at com.alibaba.nacos.client.naming.net.NamingProxy.reqAPI(NamingProxy.java:294)
	at com.alibaba.nacos.client.naming.net.NamingProxy.getServiceList(NamingProxy.java:276)
	at com.alibaba.nacos.client.naming.net.NamingProxy.getServiceList(NamingProxy.java:252)
	at com.alibaba.nacos.client.naming.NacosNamingService.getServicesOfServer(NacosNamingService.java:525)
	at org.springframework.cloud.alibaba.nacos.discovery.NacosWatch.nacosServicesWatch(NacosWatch.java:127)
	at org.springframework.cloud.alibaba.nacos.discovery.NacosWatch$$Lambda$732/1638622497.run(Unknown Source)
	at org.springframework.scheduling.support.DelegatingErrorHandlingRunnable.run(DelegatingErrorHandlingRunnable.java:54)
	at java.util.concurrent.Executors$RunnableAdapter.call(Executors.java:511)
	at java.util.concurrent.FutureTask.runAndReset(FutureTask.java:308)
	at java.util.concurrent.ScheduledThreadPoolExecutor$ScheduledFutureTask.access$301(ScheduledThreadPoolExecutor.java:180)
	at java.util.concurrent.ScheduledThreadPoolExecutor$ScheduledFutureTask.run(ScheduledThreadPoolExecutor.java:294)
	at java.util.concurrent.ThreadPoolExecutor.runWorker(ThreadPoolExecutor.java:1142)
	at java.util.concurrent.ThreadPoolExecutor$Worker.run(ThreadPoolExecutor.java:617)
	at java.lang.Thread.run(Thread.java:745)
2022-09-06 08:52:04.234 [ThreadPoolTaskScheduler-1] ERROR o.s.cloud.alibaba.nacos.discovery.NacosWatch - Error watching Nacos Service change
java.lang.IllegalStateException: failed to req API:/nacos/v1/ns/service/list after all servers([localhost:8848]) tried: failed to req API:http://localhost:8848/nacos/v1/ns/service/list. code:500 msg: java.net.ConnectException: Connection refused: connect
	at com.alibaba.nacos.client.naming.net.NamingProxy.reqAPI(NamingProxy.java:380)
	at com.alibaba.nacos.client.naming.net.NamingProxy.reqAPI(NamingProxy.java:346)
	at com.alibaba.nacos.client.naming.net.NamingProxy.reqAPI(NamingProxy.java:294)
	at com.alibaba.nacos.client.naming.net.NamingProxy.getServiceList(NamingProxy.java:276)
	at com.alibaba.nacos.client.naming.net.NamingProxy.getServiceList(NamingProxy.java:252)
	at com.alibaba.nacos.client.naming.NacosNamingService.getServicesOfServer(NacosNamingService.java:525)
	at org.springframework.cloud.alibaba.nacos.discovery.NacosWatch.nacosServicesWatch(NacosWatch.java:127)
	at org.springframework.cloud.alibaba.nacos.discovery.NacosWatch$$Lambda$732/1638622497.run(Unknown Source)
	at org.springframework.scheduling.support.DelegatingErrorHandlingRunnable.run(DelegatingErrorHandlingRunnable.java:54)
	at java.util.concurrent.Executors$RunnableAdapter.call(Executors.java:511)
	at java.util.concurrent.FutureTask.runAndReset(FutureTask.java:308)
	at java.util.concurrent.ScheduledThreadPoolExecutor$ScheduledFutureTask.access$301(ScheduledThreadPoolExecutor.java:180)
	at java.util.concurrent.ScheduledThreadPoolExecutor$ScheduledFutureTask.run(ScheduledThreadPoolExecutor.java:294)
	at java.util.concurrent.ThreadPoolExecutor.runWorker(ThreadPoolExecutor.java:1142)
	at java.util.concurrent.ThreadPoolExecutor$Worker.run(ThreadPoolExecutor.java:617)
	at java.lang.Thread.run(Thread.java:745)
2022-09-06 08:52:36.301 [ThreadPoolTaskScheduler-1] ERROR o.s.cloud.alibaba.nacos.discovery.NacosWatch - Error watching Nacos Service change
java.lang.IllegalStateException: failed to req API:/nacos/v1/ns/service/list after all servers([localhost:8848]) tried: failed to req API:http://localhost:8848/nacos/v1/ns/service/list. code:500 msg: java.net.ConnectException: Connection refused: connect
	at com.alibaba.nacos.client.naming.net.NamingProxy.reqAPI(NamingProxy.java:380)
	at com.alibaba.nacos.client.naming.net.NamingProxy.reqAPI(NamingProxy.java:346)
	at com.alibaba.nacos.client.naming.net.NamingProxy.reqAPI(NamingProxy.java:294)
	at com.alibaba.nacos.client.naming.net.NamingProxy.getServiceList(NamingProxy.java:276)
	at com.alibaba.nacos.client.naming.net.NamingProxy.getServiceList(NamingProxy.java:252)
	at com.alibaba.nacos.client.naming.NacosNamingService.getServicesOfServer(NacosNamingService.java:525)
	at org.springframework.cloud.alibaba.nacos.discovery.NacosWatch.nacosServicesWatch(NacosWatch.java:127)
	at org.springframework.cloud.alibaba.nacos.discovery.NacosWatch$$Lambda$732/1638622497.run(Unknown Source)
	at org.springframework.scheduling.support.DelegatingErrorHandlingRunnable.run(DelegatingErrorHandlingRunnable.java:54)
	at java.util.concurrent.Executors$RunnableAdapter.call(Executors.java:511)
	at java.util.concurrent.FutureTask.runAndReset(FutureTask.java:308)
	at java.util.concurrent.ScheduledThreadPoolExecutor$ScheduledFutureTask.access$301(ScheduledThreadPoolExecutor.java:180)
	at java.util.concurrent.ScheduledThreadPoolExecutor$ScheduledFutureTask.run(ScheduledThreadPoolExecutor.java:294)
	at java.util.concurrent.ThreadPoolExecutor.runWorker(ThreadPoolExecutor.java:1142)
	at java.util.concurrent.ThreadPoolExecutor$Worker.run(ThreadPoolExecutor.java:617)
	at java.lang.Thread.run(Thread.java:745)
2022-09-06 08:53:08.326 [ThreadPoolTaskScheduler-1] ERROR o.s.cloud.alibaba.nacos.discovery.NacosWatch - Error watching Nacos Service change
java.lang.IllegalStateException: failed to req API:/nacos/v1/ns/service/list after all servers([localhost:8848]) tried: failed to req API:http://localhost:8848/nacos/v1/ns/service/list. code:500 msg: java.net.ConnectException: Connection refused: connect
	at com.alibaba.nacos.client.naming.net.NamingProxy.reqAPI(NamingProxy.java:380)
	at com.alibaba.nacos.client.naming.net.NamingProxy.reqAPI(NamingProxy.java:346)
	at com.alibaba.nacos.client.naming.net.NamingProxy.reqAPI(NamingProxy.java:294)
	at com.alibaba.nacos.client.naming.net.NamingProxy.getServiceList(NamingProxy.java:276)
	at com.alibaba.nacos.client.naming.net.NamingProxy.getServiceList(NamingProxy.java:252)
	at com.alibaba.nacos.client.naming.NacosNamingService.getServicesOfServer(NacosNamingService.java:525)
	at org.springframework.cloud.alibaba.nacos.discovery.NacosWatch.nacosServicesWatch(NacosWatch.java:127)
	at org.springframework.cloud.alibaba.nacos.discovery.NacosWatch$$Lambda$732/1638622497.run(Unknown Source)
	at org.springframework.scheduling.support.DelegatingErrorHandlingRunnable.run(DelegatingErrorHandlingRunnable.java:54)
	at java.util.concurrent.Executors$RunnableAdapter.call(Executors.java:511)
	at java.util.concurrent.FutureTask.runAndReset(FutureTask.java:308)
	at java.util.concurrent.ScheduledThreadPoolExecutor$ScheduledFutureTask.access$301(ScheduledThreadPoolExecutor.java:180)
	at java.util.concurrent.ScheduledThreadPoolExecutor$ScheduledFutureTask.run(ScheduledThreadPoolExecutor.java:294)
	at java.util.concurrent.ThreadPoolExecutor.runWorker(ThreadPoolExecutor.java:1142)
	at java.util.concurrent.ThreadPoolExecutor$Worker.run(ThreadPoolExecutor.java:617)
	at java.lang.Thread.run(Thread.java:745)
2022-09-06 08:53:40.353 [ThreadPoolTaskScheduler-1] ERROR o.s.cloud.alibaba.nacos.discovery.NacosWatch - Error watching Nacos Service change
java.lang.IllegalStateException: failed to req API:/nacos/v1/ns/service/list after all servers([localhost:8848]) tried: failed to req API:http://localhost:8848/nacos/v1/ns/service/list. code:500 msg: java.net.ConnectException: Connection refused: connect
	at com.alibaba.nacos.client.naming.net.NamingProxy.reqAPI(NamingProxy.java:380)
	at com.alibaba.nacos.client.naming.net.NamingProxy.reqAPI(NamingProxy.java:346)
	at com.alibaba.nacos.client.naming.net.NamingProxy.reqAPI(NamingProxy.java:294)
	at com.alibaba.nacos.client.naming.net.NamingProxy.getServiceList(NamingProxy.java:276)
	at com.alibaba.nacos.client.naming.net.NamingProxy.getServiceList(NamingProxy.java:252)
	at com.alibaba.nacos.client.naming.NacosNamingService.getServicesOfServer(NacosNamingService.java:525)
	at org.springframework.cloud.alibaba.nacos.discovery.NacosWatch.nacosServicesWatch(NacosWatch.java:127)
	at org.springframework.cloud.alibaba.nacos.discovery.NacosWatch$$Lambda$732/1638622497.run(Unknown Source)
	at org.springframework.scheduling.support.DelegatingErrorHandlingRunnable.run(DelegatingErrorHandlingRunnable.java:54)
	at java.util.concurrent.Executors$RunnableAdapter.call(Executors.java:511)
	at java.util.concurrent.FutureTask.runAndReset(FutureTask.java:308)
	at java.util.concurrent.ScheduledThreadPoolExecutor$ScheduledFutureTask.access$301(ScheduledThreadPoolExecutor.java:180)
	at java.util.concurrent.ScheduledThreadPoolExecutor$ScheduledFutureTask.run(ScheduledThreadPoolExecutor.java:294)
	at java.util.concurrent.ThreadPoolExecutor.runWorker(ThreadPoolExecutor.java:1142)
	at java.util.concurrent.ThreadPoolExecutor$Worker.run(ThreadPoolExecutor.java:617)
	at java.lang.Thread.run(Thread.java:745)
2022-09-06 08:54:12.403 [ThreadPoolTaskScheduler-1] ERROR o.s.cloud.alibaba.nacos.discovery.NacosWatch - Error watching Nacos Service change
java.lang.IllegalStateException: failed to req API:/nacos/v1/ns/service/list after all servers([localhost:8848]) tried: failed to req API:http://localhost:8848/nacos/v1/ns/service/list. code:500 msg: java.net.ConnectException: Connection refused: connect
	at com.alibaba.nacos.client.naming.net.NamingProxy.reqAPI(NamingProxy.java:380)
	at com.alibaba.nacos.client.naming.net.NamingProxy.reqAPI(NamingProxy.java:346)
	at com.alibaba.nacos.client.naming.net.NamingProxy.reqAPI(NamingProxy.java:294)
	at com.alibaba.nacos.client.naming.net.NamingProxy.getServiceList(NamingProxy.java:276)
	at com.alibaba.nacos.client.naming.net.NamingProxy.getServiceList(NamingProxy.java:252)
	at com.alibaba.nacos.client.naming.NacosNamingService.getServicesOfServer(NacosNamingService.java:525)
	at org.springframework.cloud.alibaba.nacos.discovery.NacosWatch.nacosServicesWatch(NacosWatch.java:127)
	at org.springframework.cloud.alibaba.nacos.discovery.NacosWatch$$Lambda$732/1638622497.run(Unknown Source)
	at org.springframework.scheduling.support.DelegatingErrorHandlingRunnable.run(DelegatingErrorHandlingRunnable.java:54)
	at java.util.concurrent.Executors$RunnableAdapter.call(Executors.java:511)
	at java.util.concurrent.FutureTask.runAndReset(FutureTask.java:308)
	at java.util.concurrent.ScheduledThreadPoolExecutor$ScheduledFutureTask.access$301(ScheduledThreadPoolExecutor.java:180)
	at java.util.concurrent.ScheduledThreadPoolExecutor$ScheduledFutureTask.run(ScheduledThreadPoolExecutor.java:294)
	at java.util.concurrent.ThreadPoolExecutor.runWorker(ThreadPoolExecutor.java:1142)
	at java.util.concurrent.ThreadPoolExecutor$Worker.run(ThreadPoolExecutor.java:617)
	at java.lang.Thread.run(Thread.java:745)
2022-09-06 08:54:44.444 [ThreadPoolTaskScheduler-1] ERROR o.s.cloud.alibaba.nacos.discovery.NacosWatch - Error watching Nacos Service change
java.lang.IllegalStateException: failed to req API:/nacos/v1/ns/service/list after all servers([localhost:8848]) tried: failed to req API:http://localhost:8848/nacos/v1/ns/service/list. code:500 msg: java.net.ConnectException: Connection refused: connect
	at com.alibaba.nacos.client.naming.net.NamingProxy.reqAPI(NamingProxy.java:380)
	at com.alibaba.nacos.client.naming.net.NamingProxy.reqAPI(NamingProxy.java:346)
	at com.alibaba.nacos.client.naming.net.NamingProxy.reqAPI(NamingProxy.java:294)
	at com.alibaba.nacos.client.naming.net.NamingProxy.getServiceList(NamingProxy.java:276)
	at com.alibaba.nacos.client.naming.net.NamingProxy.getServiceList(NamingProxy.java:252)
	at com.alibaba.nacos.client.naming.NacosNamingService.getServicesOfServer(NacosNamingService.java:525)
	at org.springframework.cloud.alibaba.nacos.discovery.NacosWatch.nacosServicesWatch(NacosWatch.java:127)
	at org.springframework.cloud.alibaba.nacos.discovery.NacosWatch$$Lambda$732/1638622497.run(Unknown Source)
	at org.springframework.scheduling.support.DelegatingErrorHandlingRunnable.run(DelegatingErrorHandlingRunnable.java:54)
	at java.util.concurrent.Executors$RunnableAdapter.call(Executors.java:511)
	at java.util.concurrent.FutureTask.runAndReset(FutureTask.java:308)
	at java.util.concurrent.ScheduledThreadPoolExecutor$ScheduledFutureTask.access$301(ScheduledThreadPoolExecutor.java:180)
	at java.util.concurrent.ScheduledThreadPoolExecutor$ScheduledFutureTask.run(ScheduledThreadPoolExecutor.java:294)
	at java.util.concurrent.ThreadPoolExecutor.runWorker(ThreadPoolExecutor.java:1142)
	at java.util.concurrent.ThreadPoolExecutor$Worker.run(ThreadPoolExecutor.java:617)
	at java.lang.Thread.run(Thread.java:745)
2022-09-06 08:55:16.484 [ThreadPoolTaskScheduler-1] ERROR o.s.cloud.alibaba.nacos.discovery.NacosWatch - Error watching Nacos Service change
java.lang.IllegalStateException: failed to req API:/nacos/v1/ns/service/list after all servers([localhost:8848]) tried: failed to req API:http://localhost:8848/nacos/v1/ns/service/list. code:500 msg: java.net.ConnectException: Connection refused: connect
	at com.alibaba.nacos.client.naming.net.NamingProxy.reqAPI(NamingProxy.java:380)
	at com.alibaba.nacos.client.naming.net.NamingProxy.reqAPI(NamingProxy.java:346)
	at com.alibaba.nacos.client.naming.net.NamingProxy.reqAPI(NamingProxy.java:294)
	at com.alibaba.nacos.client.naming.net.NamingProxy.getServiceList(NamingProxy.java:276)
	at com.alibaba.nacos.client.naming.net.NamingProxy.getServiceList(NamingProxy.java:252)
	at com.alibaba.nacos.client.naming.NacosNamingService.getServicesOfServer(NacosNamingService.java:525)
	at org.springframework.cloud.alibaba.nacos.discovery.NacosWatch.nacosServicesWatch(NacosWatch.java:127)
	at org.springframework.cloud.alibaba.nacos.discovery.NacosWatch$$Lambda$732/1638622497.run(Unknown Source)
	at org.springframework.scheduling.support.DelegatingErrorHandlingRunnable.run(DelegatingErrorHandlingRunnable.java:54)
	at java.util.concurrent.Executors$RunnableAdapter.call(Executors.java:511)
	at java.util.concurrent.FutureTask.runAndReset(FutureTask.java:308)
	at java.util.concurrent.ScheduledThreadPoolExecutor$ScheduledFutureTask.access$301(ScheduledThreadPoolExecutor.java:180)
	at java.util.concurrent.ScheduledThreadPoolExecutor$ScheduledFutureTask.run(ScheduledThreadPoolExecutor.java:294)
	at java.util.concurrent.ThreadPoolExecutor.runWorker(ThreadPoolExecutor.java:1142)
	at java.util.concurrent.ThreadPoolExecutor$Worker.run(ThreadPoolExecutor.java:617)
	at java.lang.Thread.run(Thread.java:745)
2022-09-06 08:55:48.535 [ThreadPoolTaskScheduler-1] ERROR o.s.cloud.alibaba.nacos.discovery.NacosWatch - Error watching Nacos Service change
java.lang.IllegalStateException: failed to req API:/nacos/v1/ns/service/list after all servers([localhost:8848]) tried: failed to req API:http://localhost:8848/nacos/v1/ns/service/list. code:500 msg: java.net.ConnectException: Connection refused: connect
	at com.alibaba.nacos.client.naming.net.NamingProxy.reqAPI(NamingProxy.java:380)
	at com.alibaba.nacos.client.naming.net.NamingProxy.reqAPI(NamingProxy.java:346)
	at com.alibaba.nacos.client.naming.net.NamingProxy.reqAPI(NamingProxy.java:294)
	at com.alibaba.nacos.client.naming.net.NamingProxy.getServiceList(NamingProxy.java:276)
	at com.alibaba.nacos.client.naming.net.NamingProxy.getServiceList(NamingProxy.java:252)
	at com.alibaba.nacos.client.naming.NacosNamingService.getServicesOfServer(NacosNamingService.java:525)
	at org.springframework.cloud.alibaba.nacos.discovery.NacosWatch.nacosServicesWatch(NacosWatch.java:127)
	at org.springframework.cloud.alibaba.nacos.discovery.NacosWatch$$Lambda$732/1638622497.run(Unknown Source)
	at org.springframework.scheduling.support.DelegatingErrorHandlingRunnable.run(DelegatingErrorHandlingRunnable.java:54)
	at java.util.concurrent.Executors$RunnableAdapter.call(Executors.java:511)
	at java.util.concurrent.FutureTask.runAndReset(FutureTask.java:308)
	at java.util.concurrent.ScheduledThreadPoolExecutor$ScheduledFutureTask.access$301(ScheduledThreadPoolExecutor.java:180)
	at java.util.concurrent.ScheduledThreadPoolExecutor$ScheduledFutureTask.run(ScheduledThreadPoolExecutor.java:294)
	at java.util.concurrent.ThreadPoolExecutor.runWorker(ThreadPoolExecutor.java:1142)
	at java.util.concurrent.ThreadPoolExecutor$Worker.run(ThreadPoolExecutor.java:617)
	at java.lang.Thread.run(Thread.java:745)
2022-09-06 08:56:20.545 [ThreadPoolTaskScheduler-1] ERROR o.s.cloud.alibaba.nacos.discovery.NacosWatch - Error watching Nacos Service change
java.lang.IllegalStateException: failed to req API:/nacos/v1/ns/service/list after all servers([localhost:8848]) tried: failed to req API:http://localhost:8848/nacos/v1/ns/service/list. code:500 msg: java.net.ConnectException: Connection refused: connect
	at com.alibaba.nacos.client.naming.net.NamingProxy.reqAPI(NamingProxy.java:380)
	at com.alibaba.nacos.client.naming.net.NamingProxy.reqAPI(NamingProxy.java:346)
	at com.alibaba.nacos.client.naming.net.NamingProxy.reqAPI(NamingProxy.java:294)
	at com.alibaba.nacos.client.naming.net.NamingProxy.getServiceList(NamingProxy.java:276)
	at com.alibaba.nacos.client.naming.net.NamingProxy.getServiceList(NamingProxy.java:252)
	at com.alibaba.nacos.client.naming.NacosNamingService.getServicesOfServer(NacosNamingService.java:525)
	at org.springframework.cloud.alibaba.nacos.discovery.NacosWatch.nacosServicesWatch(NacosWatch.java:127)
	at org.springframework.cloud.alibaba.nacos.discovery.NacosWatch$$Lambda$732/1638622497.run(Unknown Source)
	at org.springframework.scheduling.support.DelegatingErrorHandlingRunnable.run(DelegatingErrorHandlingRunnable.java:54)
	at java.util.concurrent.Executors$RunnableAdapter.call(Executors.java:511)
	at java.util.concurrent.FutureTask.runAndReset(FutureTask.java:308)
	at java.util.concurrent.ScheduledThreadPoolExecutor$ScheduledFutureTask.access$301(ScheduledThreadPoolExecutor.java:180)
	at java.util.concurrent.ScheduledThreadPoolExecutor$ScheduledFutureTask.run(ScheduledThreadPoolExecutor.java:294)
	at java.util.concurrent.ThreadPoolExecutor.runWorker(ThreadPoolExecutor.java:1142)
	at java.util.concurrent.ThreadPoolExecutor$Worker.run(ThreadPoolExecutor.java:617)
	at java.lang.Thread.run(Thread.java:745)
2022-09-06 08:56:26.110 [SpringContextShutdownHook] ERROR o.s.c.alibaba.nacos.registry.NacosServiceRegistry - ERR_NACOS_DEREGISTER, de-register failed...NacosRegistration{nacosDiscoveryProperties=NacosDiscoveryProperties{serverAddr='localhost:8848', endpoint='', namespace='', watchDelay=30000, logName='', service='service-edu', weight=1.0, clusterName='DEFAULT', namingLoadCacheAtStart='false', metadata={preserved.register.source=SPRING_CLOUD}, registerEnabled=true, ip='192.168.100.100', networkInterface='', port=8001, secure=false, accessKey='', secretKey=''}},
java.lang.IllegalStateException: failed to req API:/nacos/v1/ns/instance after all servers([localhost:8848]) tried: failed to req API:http://localhost:8848/nacos/v1/ns/instance. code:500 msg: java.net.ConnectException: Connection refused: connect
	at com.alibaba.nacos.client.naming.net.NamingProxy.reqAPI(NamingProxy.java:380)
	at com.alibaba.nacos.client.naming.net.NamingProxy.reqAPI(NamingProxy.java:304)
	at com.alibaba.nacos.client.naming.net.NamingProxy.deregisterService(NamingProxy.java:203)
	at com.alibaba.nacos.client.naming.NacosNamingService.deregisterInstance(NacosNamingService.java:329)
	at com.alibaba.nacos.client.naming.NacosNamingService.deregisterInstance(NacosNamingService.java:323)
	at com.alibaba.nacos.client.naming.NacosNamingService.deregisterInstance(NacosNamingService.java:313)
	at org.springframework.cloud.alibaba.nacos.registry.NacosServiceRegistry.deregister(NacosServiceRegistry.java:87)
	at org.springframework.cloud.client.serviceregistry.AbstractAutoServiceRegistration.deregister(AbstractAutoServiceRegistration.java:256)
	at org.springframework.cloud.client.serviceregistry.AbstractAutoServiceRegistration.stop(AbstractAutoServiceRegistration.java:271)
	at org.springframework.cloud.client.serviceregistry.AbstractAutoServiceRegistration.destroy(AbstractAutoServiceRegistration.java:208)
	at sun.reflect.NativeMethodAccessorImpl.invoke0(Native Method)
	at sun.reflect.NativeMethodAccessorImpl.invoke(NativeMethodAccessorImpl.java:62)
	at sun.reflect.DelegatingMethodAccessorImpl.invoke(DelegatingMethodAccessorImpl.java:43)
	at java.lang.reflect.Method.invoke(Method.java:497)
	at org.springframework.beans.factory.annotation.InitDestroyAnnotationBeanPostProcessor$LifecycleElement.invoke(InitDestroyAnnotationBeanPostProcessor.java:389)
	at org.springframework.beans.factory.annotation.InitDestroyAnnotationBeanPostProcessor$LifecycleMetadata.invokeDestroyMethods(InitDestroyAnnotationBeanPostProcessor.java:347)
	at org.springframework.beans.factory.annotation.InitDestroyAnnotationBeanPostProcessor.postProcessBeforeDestruction(InitDestroyAnnotationBeanPostProcessor.java:177)
	at org.springframework.beans.factory.support.DisposableBeanAdapter.destroy(DisposableBeanAdapter.java:242)
	at org.springframework.beans.factory.support.DefaultSingletonBeanRegistry.destroyBean(DefaultSingletonBeanRegistry.java:571)
	at org.springframework.beans.factory.support.DefaultSingletonBeanRegistry.destroySingleton(DefaultSingletonBeanRegistry.java:543)
	at org.springframework.beans.factory.support.DefaultListableBeanFactory.destroySingleton(DefaultListableBeanFactory.java:1072)
	at org.springframework.beans.factory.support.DefaultSingletonBeanRegistry.destroySingletons(DefaultSingletonBeanRegistry.java:504)
	at org.springframework.beans.factory.support.DefaultListableBeanFactory.destroySingletons(DefaultListableBeanFactory.java:1065)
	at org.springframework.context.support.AbstractApplicationContext.destroyBeans(AbstractApplicationContext.java:1060)
	at org.springframework.context.support.AbstractApplicationContext.doClose(AbstractApplicationContext.java:1029)
	at org.springframework.context.support.AbstractApplicationContext$1.run(AbstractApplicationContext.java:948)
